<?xml version="1.0" encoding="UTF-8"?>
<coverage generated="1752312000005" clover="3.2.0">
  <project timestamp="1752312000006" name="All files">
    <metrics statements="184" coveredstatements="135" conditionals="168" coveredconditionals="144" methods="52" coveredmethods="27" elements="404" coveredelements="306" complexity="0" loc="184" ncloc="184" packages="4" files="7" classes="7"/>
    <package name="src">
      <metrics statements="26" coveredstatements="0" conditionals="8" coveredconditionals="0" methods="13" coveredmethods="0"/>
      <file name="App.jsx" path="C:\Users\Admin\Desktop\week-6-test-debug-assignment-Barmakyy\client\src\App.jsx">
        <metrics statements="24" coveredstatements="0" conditionals="8" coveredconditionals="0" methods="13" coveredmethods="0"/>
        <line num="8" count="0" type="stmt"/>
        <line num="9" count="0" type="stmt"/>
        <line num="11" count="0" type="stmt"/>
        <line num="12" count="0" type="stmt"/>
        <line num="14" count="0" type="stmt"/>
        <line num="15" count="0" type="stmt"/>
        <line num="18" count="0" type="stmt"/>
        <line num="19" count="0" type="stmt"/>
        <line num="20" count="0" type="stmt"/>
        <line num="23" count="0" type="stmt"/>
        <line num="47" count="0" type="stmt"/>
        <line num="48" count="0" type="stmt"/>
        <line num="65" count="0" type="stmt"/>
        <line num="69" count="0" type="stmt"/>
        <line num="77" count="0" type="stmt"/>
        <line num="78" count="0" type="stmt"/>
        <line num="79" count="0" type="stmt"/>
        <line num="86" count="0" type="stmt"/>
        <line num="87" count="0" type="stmt"/>
        <line num="99" count="0" type="stmt"/>
        <line num="100" count="0" type="stmt"/>
        <line num="101" count="0" type="stmt"/>
        <line num="102" count="0" type="stmt"/>
        <line num="109" count="0" type="stmt"/>
      </file>
      <file name="index.js" path="C:\Users\Admin\Desktop\week-6-test-debug-assignment-Barmakyy\client\src\index.js">
        <metrics statements="2" coveredstatements="0" conditionals="0" coveredconditionals="0" methods="0" coveredmethods="0"/>
        <line num="6" count="0" type="stmt"/>
        <line num="7" count="0" type="stmt"/>
      </file>
    </package>
    <package name="src.components">
      <metrics statements="61" coveredstatements="61" conditionals="98" coveredconditionals="91" methods="17" coveredmethods="17"/>
      <file name="Button.jsx" path="C:\Users\Admin\Desktop\week-6-test-debug-assignment-Barmakyy\client\src\components\Button.jsx">
        <metrics statements="11" coveredstatements="11" conditionals="15" coveredconditionals="13" methods="2" coveredmethods="2"/>
        <line num="6" count="3" type="stmt"/>
        <line num="16" count="149" type="stmt"/>
        <line num="17" count="149" type="stmt"/>
        <line num="25" count="149" type="stmt"/>
        <line num="30" count="149" type="cond" truecount="2" falsecount="0"/>
        <line num="32" count="149" type="stmt"/>
        <line num="40" count="149" type="stmt"/>
        <line num="41" count="13" type="cond" truecount="4" falsecount="0"/>
        <line num="42" count="6" type="stmt"/>
        <line num="46" count="149" type="stmt"/>
        <line num="59" count="3" type="stmt"/>
      </file>
      <file name="LoginForm.jsx" path="C:\Users\Admin\Desktop\week-6-test-debug-assignment-Barmakyy\client\src\components\LoginForm.jsx">
        <metrics statements="28" coveredstatements="28" conditionals="32" coveredconditionals="32" methods="7" coveredmethods="7"/>
        <line num="7" count="1" type="cond" truecount="2" falsecount="0"/>
        <line num="8" count="77" type="stmt"/>
        <line num="12" count="77" type="stmt"/>
        <line num="14" count="77" type="stmt"/>
        <line num="15" count="7" type="stmt"/>
        <line num="17" count="7" type="cond" truecount="2" falsecount="0"/>
        <line num="18" count="3" type="stmt"/>
        <line num="19" count="4" type="cond" truecount="2" falsecount="0"/>
        <line num="20" count="1" type="stmt"/>
        <line num="23" count="7" type="cond" truecount="2" falsecount="0"/>
        <line num="24" count="3" type="stmt"/>
        <line num="25" count="4" type="cond" truecount="2" falsecount="0"/>
        <line num="26" count="1" type="stmt"/>
        <line num="29" count="7" type="stmt"/>
        <line num="30" count="7" type="stmt"/>
        <line num="33" count="77" type="stmt"/>
        <line num="34" count="59" type="stmt"/>
        <line num="35" count="59" type="stmt"/>
        <line num="41" count="59" type="cond" truecount="2" falsecount="0"/>
        <line num="42" count="1" type="stmt"/>
        <line num="49" count="77" type="stmt"/>
        <line num="50" count="7" type="stmt"/>
        <line num="52" count="7" type="cond" truecount="2" falsecount="0"/>
        <line num="53" count="3" type="stmt"/>
        <line num="57" count="77" type="stmt"/>
        <line num="58" count="471" type="cond" truecount="2" falsecount="0"/>
        <line num="61" count="77" type="stmt"/>
        <line num="122" count="1" type="stmt"/>
      </file>
      <file name="PostCard.jsx" path="C:\Users\Admin\Desktop\week-6-test-debug-assignment-Barmakyy\client\src\components\PostCard.jsx">
        <metrics statements="22" coveredstatements="22" conditionals="51" coveredconditionals="46" methods="8" coveredmethods="8"/>
        <line num="7" count="1" type="stmt"/>
        <line num="31" count="27" type="stmt"/>
        <line num="33" count="27" type="stmt"/>
        <line num="34" count="1" type="cond" truecount="1" falsecount="1"/>
        <line num="35" count="1" type="stmt"/>
        <line num="39" count="27" type="stmt"/>
        <line num="40" count="2" type="cond" truecount="1" falsecount="1"/>
        <line num="41" count="2" type="stmt"/>
        <line num="45" count="27" type="stmt"/>
        <line num="46" count="1" type="cond" truecount="1" falsecount="1"/>
        <line num="47" count="1" type="stmt"/>
        <line num="51" count="27" type="stmt"/>
        <line num="52" count="2" type="cond" truecount="4" falsecount="0"/>
        <line num="53" count="1" type="stmt"/>
        <line num="57" count="27" type="stmt"/>
        <line num="58" count="27" type="stmt"/>
        <line num="65" count="27" type="cond" truecount="1" falsecount="0"/>
        <line num="66" count="2" type="cond" truecount="2" falsecount="0"/>
        <line num="67" count="1" type="stmt"/>
        <line num="70" count="27" type="stmt"/>
        <line num="112" count="78" type="stmt"/>
        <line num="182" count="1" type="stmt"/>
      </file>
    </package>
    <package name="src.tests">
      <metrics statements="19" coveredstatements="0" conditionals="4" coveredconditionals="0" methods="12" coveredmethods="0"/>
      <file name="setup.js" path="C:\Users\Admin\Desktop\week-6-test-debug-assignment-Barmakyy\client\src\tests\setup.js">
        <metrics statements="19" coveredstatements="0" conditionals="4" coveredconditionals="0" methods="12" coveredmethods="0"/>
        <line num="3" count="0" type="stmt"/>
        <line num="6" count="0" type="stmt"/>
        <line num="8" count="0" type="stmt"/>
        <line num="21" count="0" type="stmt"/>
        <line num="24" count="0" type="stmt"/>
        <line num="27" count="0" type="stmt"/>
        <line num="30" count="0" type="stmt"/>
        <line num="35" count="0" type="stmt"/>
        <line num="38" count="0" type="stmt"/>
        <line num="41" count="0" type="stmt"/>
        <line num="44" count="0" type="stmt"/>
        <line num="49" count="0" type="stmt"/>
        <line num="50" count="0" type="stmt"/>
        <line num="51" count="0" type="stmt"/>
        <line num="52" count="0" type="cond" truecount="0" falsecount="2"/>
        <line num="56" count="0" type="stmt"/>
        <line num="58" count="0" type="stmt"/>
        <line num="62" count="0" type="stmt"/>
        <line num="63" count="0" type="stmt"/>
      </file>
    </package>
    <package name="src.utils">
      <metrics statements="78" coveredstatements="74" conditionals="58" coveredconditionals="53" methods="10" coveredmethods="10"/>
      <file name="validation.js" path="C:\Users\Admin\Desktop\week-6-test-debug-assignment-Barmakyy\client\src\utils\validation.js">
        <metrics statements="78" coveredstatements="74" conditionals="58" coveredconditionals="53" methods="10" coveredmethods="10"/>
        <line num="8" count="1" type="stmt"/>
        <line num="9" count="14" type="stmt"/>
        <line num="10" count="14" type="stmt"/>
        <line num="18" count="1" type="stmt"/>
        <line num="19" count="7" type="stmt"/>
        <line num="21" count="7" type="cond" truecount="2" falsecount="0"/>
        <line num="22" count="3" type="stmt"/>
        <line num="24" count="4" type="cond" truecount="2" falsecount="0"/>
        <line num="25" count="2" type="stmt"/>
        <line num="27" count="4" type="cond" truecount="1" falsecount="1"/>
        <line num="28" count="0" type="stmt"/>
        <line num="30" count="4" type="cond" truecount="2" falsecount="0"/>
        <line num="31" count="2" type="stmt"/>
        <line num="33" count="4" type="cond" truecount="2" falsecount="0"/>
        <line num="34" count="2" type="stmt"/>
        <line num="38" count="7" type="stmt"/>
        <line num="49" count="1" type="stmt"/>
        <line num="50" count="8" type="stmt"/>
        <line num="52" count="8" type="cond" truecount="2" falsecount="0"/>
        <line num="53" count="2" type="stmt"/>
        <line num="55" count="6" type="cond" truecount="2" falsecount="0"/>
        <line num="56" count="2" type="stmt"/>
        <line num="58" count="6" type="cond" truecount="2" falsecount="0"/>
        <line num="59" count="1" type="stmt"/>
        <line num="61" count="6" type="cond" truecount="2" falsecount="0"/>
        <line num="62" count="1" type="stmt"/>
        <line num="66" count="8" type="stmt"/>
        <line num="77" count="1" type="stmt"/>
        <line num="78" count="3" type="stmt"/>
        <line num="81" count="3" type="stmt"/>
        <line num="82" count="3" type="cond" truecount="2" falsecount="0"/>
        <line num="83" count="2" type="stmt"/>
        <line num="87" count="3" type="cond" truecount="2" falsecount="0"/>
        <line num="88" count="1" type="stmt"/>
        <line num="89" count="2" type="cond" truecount="2" falsecount="0"/>
        <line num="90" count="1" type="stmt"/>
        <line num="94" count="3" type="stmt"/>
        <line num="95" count="3" type="cond" truecount="2" falsecount="0"/>
        <line num="96" count="2" type="stmt"/>
        <line num="99" count="3" type="stmt"/>
        <line num="110" count="1" type="stmt"/>
        <line num="111" count="2" type="stmt"/>
        <line num="114" count="2" type="cond" truecount="1" falsecount="1"/>
        <line num="115" count="0" type="stmt"/>
        <line num="116" count="2" type="cond" truecount="2" falsecount="0"/>
        <line num="117" count="1" type="stmt"/>
        <line num="121" count="2" type="cond" truecount="2" falsecount="0"/>
        <line num="122" count="1" type="stmt"/>
        <line num="125" count="2" type="stmt"/>
        <line num="136" count="1" type="stmt"/>
        <line num="137" count="3" type="stmt"/>
        <line num="140" count="3" type="cond" truecount="1" falsecount="1"/>
        <line num="141" count="0" type="stmt"/>
        <line num="142" count="3" type="cond" truecount="2" falsecount="0"/>
        <line num="143" count="1" type="stmt"/>
        <line num="144" count="2" type="cond" truecount="2" falsecount="0"/>
        <line num="145" count="1" type="stmt"/>
        <line num="149" count="3" type="cond" truecount="1" falsecount="1"/>
        <line num="150" count="0" type="stmt"/>
        <line num="151" count="3" type="cond" truecount="2" falsecount="0"/>
        <line num="152" count="1" type="stmt"/>
        <line num="156" count="3" type="cond" truecount="2" falsecount="0"/>
        <line num="157" count="1" type="stmt"/>
        <line num="160" count="3" type="stmt"/>
        <line num="171" count="1" type="stmt"/>
        <line num="172" count="7" type="cond" truecount="2" falsecount="0"/>
        <line num="174" count="3" type="stmt"/>
        <line num="190" count="1" type="cond" truecount="1" falsecount="1"/>
        <line num="191" count="5" type="cond" truecount="4" falsecount="0"/>
        <line num="192" count="2" type="stmt"/>
        <line num="200" count="1" type="stmt"/>
        <line num="201" count="7" type="cond" truecount="2" falsecount="0"/>
        <line num="203" count="4" type="stmt"/>
        <line num="204" count="4" type="cond" truecount="2" falsecount="0"/>
        <line num="206" count="3" type="stmt"/>
        <line num="218" count="1" type="stmt"/>
        <line num="219" count="10" type="cond" truecount="2" falsecount="0"/>
        <line num="221" count="7" type="stmt"/>
      </file>
    </package>
  </project>
</coverage>
