{"C:\\Users\\Admin\\Desktop\\week-6-test-debug-assignment-Barmakyy\\client\\src\\App.jsx": {"path":"C:\\Users\\Admin\\Desktop\\week-6-test-debug-assignment-Barmakyy\\client\\src\\App.jsx","statementMap":{"0":{"start":{"line":8,"column":40},"end":{"line":8,"column":56}},"1":{"start":{"line":9,"column":38},"end":{"line":9,"column":53}},"2":{"start":{"line":11,"column":22},"end":{"line":16,"column":3}},"3":{"start":{"line":12,"column":4},"end":{"line":12,"column":44}},"4":{"start":{"line":14,"column":4},"end":{"line":14,"column":24}},"5":{"start":{"line":15,"column":4},"end":{"line":15,"column":32}},"6":{"start":{"line":18,"column":23},"end":{"line":21,"column":3}},"7":{"start":{"line":19,"column":4},"end":{"line":19,"column":25}},"8":{"start":{"line":20,"column":4},"end":{"line":20,"column":27}},"9":{"start":{"line":23,"column":19},"end":{"line":45,"column":3}},"10":{"start":{"line":47,"column":21},"end":{"line":75,"column":3}},"11":{"start":{"line":48,"column":4},"end":{"line":74,"column":10}},"12":{"start":{"line":65,"column":33},"end":{"line":65,"column":56}},"13":{"start":{"line":69,"column":33},"end":{"line":69,"column":60}},"14":{"start":{"line":77,"column":22},"end":{"line":84,"column":3}},"15":{"start":{"line":78,"column":4},"end":{"line":83,"column":10}},"16":{"start":{"line":79,"column":29},"end":{"line":79,"column":51}},"17":{"start":{"line":86,"column":26},"end":{"line":107,"column":3}},"18":{"start":{"line":87,"column":4},"end":{"line":106,"column":10}},"19":{"start":{"line":99,"column":26},"end":{"line":99,"column":56}},"20":{"start":{"line":100,"column":26},"end":{"line":100,"column":55}},"21":{"start":{"line":101,"column":26},"end":{"line":101,"column":55}},"22":{"start":{"line":102,"column":28},"end":{"line":102,"column":59}},"23":{"start":{"line":109,"column":2},"end":{"line":115,"column":4}}},"fnMap":{"0":{"name":"App","decl":{"start":{"line":7,"column":9},"end":{"line":7,"column":12}},"loc":{"start":{"line":7,"column":15},"end":{"line":116,"column":1}},"line":7},"1":{"name":"(anonymous_1)","decl":{"start":{"line":11,"column":22},"end":{"line":11,"column":23}},"loc":{"start":{"line":11,"column":36},"end":{"line":16,"column":3}},"line":11},"2":{"name":"(anonymous_2)","decl":{"start":{"line":18,"column":23},"end":{"line":18,"column":24}},"loc":{"start":{"line":18,"column":29},"end":{"line":21,"column":3}},"line":18},"3":{"name":"(anonymous_3)","decl":{"start":{"line":47,"column":21},"end":{"line":47,"column":22}},"loc":{"start":{"line":48,"column":4},"end":{"line":74,"column":10}},"line":48},"4":{"name":"(anonymous_4)","decl":{"start":{"line":65,"column":27},"end":{"line":65,"column":28}},"loc":{"start":{"line":65,"column":33},"end":{"line":65,"column":56}},"line":65},"5":{"name":"(anonymous_5)","decl":{"start":{"line":69,"column":27},"end":{"line":69,"column":28}},"loc":{"start":{"line":69,"column":33},"end":{"line":69,"column":60}},"line":69},"6":{"name":"(anonymous_6)","decl":{"start":{"line":77,"column":22},"end":{"line":77,"column":23}},"loc":{"start":{"line":78,"column":4},"end":{"line":83,"column":10}},"line":78},"7":{"name":"(anonymous_7)","decl":{"start":{"line":79,"column":23},"end":{"line":79,"column":24}},"loc":{"start":{"line":79,"column":29},"end":{"line":79,"column":51}},"line":79},"8":{"name":"(anonymous_8)","decl":{"start":{"line":86,"column":26},"end":{"line":86,"column":27}},"loc":{"start":{"line":87,"column":4},"end":{"line":106,"column":10}},"line":87},"9":{"name":"(anonymous_9)","decl":{"start":{"line":99,"column":18},"end":{"line":99,"column":19}},"loc":{"start":{"line":99,"column":26},"end":{"line":99,"column":56}},"line":99},"10":{"name":"(anonymous_10)","decl":{"start":{"line":100,"column":18},"end":{"line":100,"column":19}},"loc":{"start":{"line":100,"column":26},"end":{"line":100,"column":55}},"line":100},"11":{"name":"(anonymous_11)","decl":{"start":{"line":101,"column":18},"end":{"line":101,"column":19}},"loc":{"start":{"line":101,"column":26},"end":{"line":101,"column":55}},"line":101},"12":{"name":"(anonymous_12)","decl":{"start":{"line":102,"column":20},"end":{"line":102,"column":21}},"loc":{"start":{"line":102,"column":28},"end":{"line":102,"column":59}},"line":102}},"branchMap":{"0":{"loc":{"start":{"line":64,"column":9},"end":{"line":72,"column":9}},"type":"cond-expr","locations":[{"start":{"line":65,"column":10},"end":{"line":67,"column":19}},{"start":{"line":69,"column":10},"end":{"line":71,"column":19}}],"line":64},"1":{"loc":{"start":{"line":111,"column":7},"end":{"line":111,"column":45}},"type":"binary-expr","locations":[{"start":{"line":111,"column":7},"end":{"line":111,"column":29}},{"start":{"line":111,"column":33},"end":{"line":111,"column":45}}],"line":111},"2":{"loc":{"start":{"line":112,"column":7},"end":{"line":112,"column":47}},"type":"binary-expr","locations":[{"start":{"line":112,"column":7},"end":{"line":112,"column":30}},{"start":{"line":112,"column":34},"end":{"line":112,"column":47}}],"line":112},"3":{"loc":{"start":{"line":113,"column":7},"end":{"line":113,"column":55}},"type":"binary-expr","locations":[{"start":{"line":113,"column":7},"end":{"line":113,"column":34}},{"start":{"line":113,"column":38},"end":{"line":113,"column":55}}],"line":113}},"s":{"0":0,"1":0,"2":0,"3":0,"4":0,"5":0,"6":0,"7":0,"8":0,"9":0,"10":0,"11":0,"12":0,"13":0,"14":0,"15":0,"16":0,"17":0,"18":0,"19":0,"20":0,"21":0,"22":0,"23":0},"f":{"0":0,"1":0,"2":0,"3":0,"4":0,"5":0,"6":0,"7":0,"8":0,"9":0,"10":0,"11":0,"12":0},"b":{"0":[0,0],"1":[0,0],"2":[0,0],"3":[0,0]}}
,"C:\\Users\\Admin\\Desktop\\week-6-test-debug-assignment-Barmakyy\\client\\src\\index.js": {"path":"C:\\Users\\Admin\\Desktop\\week-6-test-debug-assignment-Barmakyy\\client\\src\\index.js","statementMap":{"0":{"start":{"line":6,"column":13},"end":{"line":6,"column":65}},"1":{"start":{"line":7,"column":0},"end":{"line":11,"column":2}}},"fnMap":{},"branchMap":{},"s":{"0":0,"1":0},"f":{},"b":{}}
,"C:\\Users\\Admin\\Desktop\\week-6-test-debug-assignment-Barmakyy\\client\\src\\components\\Button.jsx": {"path":"C:\\Users\\Admin\\Desktop\\week-6-test-debug-assignment-Barmakyy\\client\\src\\components\\Button.jsx","statementMap":{"0":{"start":{"line":6,"column":15},"end":{"line":57,"column":1}},"1":{"start":{"line":16,"column":22},"end":{"line":16,"column":27}},"2":{"start":{"line":17,"column":25},"end":{"line":24,"column":3}},"3":{"start":{"line":25,"column":22},"end":{"line":29,"column":3}},"4":{"start":{"line":30,"column":24},"end":{"line":30,"column":54}},"5":{"start":{"line":32,"column":24},"end":{"line":38,"column":29}},"6":{"start":{"line":40,"column":22},"end":{"line":44,"column":3}},"7":{"start":{"line":41,"column":4},"end":{"line":43,"column":5}},"8":{"start":{"line":42,"column":6},"end":{"line":42,"column":17}},"9":{"start":{"line":46,"column":2},"end":{"line":56,"column":4}},"10":{"start":{"line":59,"column":0},"end":{"line":67,"column":2}}},"fnMap":{"0":{"name":"(anonymous_0)","decl":{"start":{"line":6,"column":15},"end":{"line":6,"column":16}},"loc":{"start":{"line":15,"column":6},"end":{"line":57,"column":1}},"line":15},"1":{"name":"(anonymous_1)","decl":{"start":{"line":40,"column":22},"end":{"line":40,"column":23}},"loc":{"start":{"line":40,"column":29},"end":{"line":44,"column":3}},"line":40}},"branchMap":{"0":{"loc":{"start":{"line":8,"column":2},"end":{"line":8,"column":21}},"type":"default-arg","locations":[{"start":{"line":8,"column":12},"end":{"line":8,"column":21}}],"line":8},"1":{"loc":{"start":{"line":9,"column":2},"end":{"line":9,"column":13}},"type":"default-arg","locations":[{"start":{"line":9,"column":9},"end":{"line":9,"column":13}}],"line":9},"2":{"loc":{"start":{"line":10,"column":2},"end":{"line":10,"column":18}},"type":"default-arg","locations":[{"start":{"line":10,"column":13},"end":{"line":10,"column":18}}],"line":10},"3":{"loc":{"start":{"line":12,"column":2},"end":{"line":12,"column":16}},"type":"default-arg","locations":[{"start":{"line":12,"column":14},"end":{"line":12,"column":16}}],"line":12},"4":{"loc":{"start":{"line":13,"column":2},"end":{"line":13,"column":17}},"type":"default-arg","locations":[{"start":{"line":13,"column":9},"end":{"line":13,"column":17}}],"line":13},"5":{"loc":{"start":{"line":30,"column":24},"end":{"line":30,"column":54}},"type":"cond-expr","locations":[{"start":{"line":30,"column":35},"end":{"line":30,"column":49}},{"start":{"line":30,"column":52},"end":{"line":30,"column":54}}],"line":30},"6":{"loc":{"start":{"line":34,"column":4},"end":{"line":34,"column":53}},"type":"binary-expr","locations":[{"start":{"line":34,"column":4},"end":{"line":34,"column":27}},{"start":{"line":34,"column":31},"end":{"line":34,"column":53}}],"line":34},"7":{"loc":{"start":{"line":35,"column":4},"end":{"line":35,"column":39}},"type":"binary-expr","locations":[{"start":{"line":35,"column":4},"end":{"line":35,"column":21}},{"start":{"line":35,"column":25},"end":{"line":35,"column":39}}],"line":35},"8":{"loc":{"start":{"line":41,"column":4},"end":{"line":43,"column":5}},"type":"if","locations":[{"start":{"line":41,"column":4},"end":{"line":43,"column":5}},{"start":{},"end":{}}],"line":41},"9":{"loc":{"start":{"line":41,"column":8},"end":{"line":41,"column":28}},"type":"binary-expr","locations":[{"start":{"line":41,"column":8},"end":{"line":41,"column":17}},{"start":{"line":41,"column":21},"end":{"line":41,"column":28}}],"line":41}},"s":{"0":3,"1":149,"2":149,"3":149,"4":149,"5":149,"6":149,"7":13,"8":6,"9":149,"10":3},"f":{"0":149,"1":13},"b":{"0":[86],"1":[86],"2":[70],"3":[71],"4":[72],"5":[3,146],"6":[149,0],"7":[149,0],"8":[6,7],"9":[13,13]},"_coverageSchema":"1a1c01bbd47fc00a2c39e90264f33305004495a9","hash":"cc381213a229e02c923268f41722f2cd53904544"}
,"C:\\Users\\Admin\\Desktop\\week-6-test-debug-assignment-Barmakyy\\client\\src\\components\\LoginForm.jsx": {"path":"C:\\Users\\Admin\\Desktop\\week-6-test-debug-assignment-Barmakyy\\client\\src\\components\\LoginForm.jsx","statementMap":{"0":{"start":{"line":7,"column":18},"end":{"line":120,"column":1}},"1":{"start":{"line":8,"column":34},"end":{"line":11,"column":4}},"2":{"start":{"line":12,"column":50},"end":{"line":12,"column":62}},"3":{"start":{"line":14,"column":23},"end":{"line":31,"column":3}},"4":{"start":{"line":15,"column":19},"end":{"line":15,"column":21}},"5":{"start":{"line":17,"column":4},"end":{"line":21,"column":5}},"6":{"start":{"line":18,"column":6},"end":{"line":18,"column":41}},"7":{"start":{"line":19,"column":11},"end":{"line":21,"column":5}},"8":{"start":{"line":20,"column":6},"end":{"line":20,"column":40}},"9":{"start":{"line":23,"column":4},"end":{"line":27,"column":5}},"10":{"start":{"line":24,"column":6},"end":{"line":24,"column":47}},"11":{"start":{"line":25,"column":11},"end":{"line":27,"column":5}},"12":{"start":{"line":26,"column":6},"end":{"line":26,"column":65}},"13":{"start":{"line":29,"column":4},"end":{"line":29,"column":32}},"14":{"start":{"line":30,"column":4},"end":{"line":30,"column":44}},"15":{"start":{"line":33,"column":23},"end":{"line":47,"column":3}},"16":{"start":{"line":34,"column":28},"end":{"line":34,"column":36}},"17":{"start":{"line":35,"column":4},"end":{"line":38,"column":8}},"18":{"start":{"line":35,"column":25},"end":{"line":38,"column":5}},"19":{"start":{"line":41,"column":4},"end":{"line":46,"column":5}},"20":{"start":{"line":42,"column":6},"end":{"line":45,"column":10}},"21":{"start":{"line":42,"column":35},"end":{"line":45,"column":7}},"22":{"start":{"line":49,"column":23},"end":{"line":55,"column":3}},"23":{"start":{"line":50,"column":4},"end":{"line":50,"column":23}},"24":{"start":{"line":52,"column":4},"end":{"line":54,"column":5}},"25":{"start":{"line":53,"column":6},"end":{"line":53,"column":24}},"26":{"start":{"line":57,"column":24},"end":{"line":59,"column":3}},"27":{"start":{"line":58,"column":4},"end":{"line":58,"column":45}},"28":{"start":{"line":61,"column":2},"end":{"line":119,"column":4}},"29":{"start":{"line":122,"column":0},"end":{"line":126,"column":2}}},"fnMap":{"0":{"name":"(anonymous_0)","decl":{"start":{"line":7,"column":18},"end":{"line":7,"column":19}},"loc":{"start":{"line":7,"column":68},"end":{"line":120,"column":1}},"line":7},"1":{"name":"(anonymous_1)","decl":{"start":{"line":14,"column":23},"end":{"line":14,"column":24}},"loc":{"start":{"line":14,"column":29},"end":{"line":31,"column":3}},"line":14},"2":{"name":"(anonymous_2)","decl":{"start":{"line":33,"column":23},"end":{"line":33,"column":24}},"loc":{"start":{"line":33,"column":30},"end":{"line":47,"column":3}},"line":33},"3":{"name":"(anonymous_3)","decl":{"start":{"line":35,"column":16},"end":{"line":35,"column":17}},"loc":{"start":{"line":35,"column":25},"end":{"line":38,"column":5}},"line":35},"4":{"name":"(anonymous_4)","decl":{"start":{"line":42,"column":26},"end":{"line":42,"column":27}},"loc":{"start":{"line":42,"column":35},"end":{"line":45,"column":7}},"line":42},"5":{"name":"(anonymous_5)","decl":{"start":{"line":49,"column":23},"end":{"line":49,"column":24}},"loc":{"start":{"line":49,"column":30},"end":{"line":55,"column":3}},"line":49},"6":{"name":"(anonymous_6)","decl":{"start":{"line":57,"column":24},"end":{"line":57,"column":25}},"loc":{"start":{"line":57,"column":39},"end":{"line":59,"column":3}},"line":57}},"branchMap":{"0":{"loc":{"start":{"line":7,"column":30},"end":{"line":7,"column":47}},"type":"default-arg","locations":[{"start":{"line":7,"column":42},"end":{"line":7,"column":47}}],"line":7},"1":{"loc":{"start":{"line":7,"column":49},"end":{"line":7,"column":61}},"type":"default-arg","locations":[{"start":{"line":7,"column":57},"end":{"line":7,"column":61}}],"line":7},"2":{"loc":{"start":{"line":17,"column":4},"end":{"line":21,"column":5}},"type":"if","locations":[{"start":{"line":17,"column":4},"end":{"line":21,"column":5}},{"start":{"line":19,"column":11},"end":{"line":21,"column":5}}],"line":17},"3":{"loc":{"start":{"line":19,"column":11},"end":{"line":21,"column":5}},"type":"if","locations":[{"start":{"line":19,"column":11},"end":{"line":21,"column":5}},{"start":{},"end":{}}],"line":19},"4":{"loc":{"start":{"line":23,"column":4},"end":{"line":27,"column":5}},"type":"if","locations":[{"start":{"line":23,"column":4},"end":{"line":27,"column":5}},{"start":{"line":25,"column":11},"end":{"line":27,"column":5}}],"line":23},"5":{"loc":{"start":{"line":25,"column":11},"end":{"line":27,"column":5}},"type":"if","locations":[{"start":{"line":25,"column":11},"end":{"line":27,"column":5}},{"start":{},"end":{}}],"line":25},"6":{"loc":{"start":{"line":41,"column":4},"end":{"line":46,"column":5}},"type":"if","locations":[{"start":{"line":41,"column":4},"end":{"line":46,"column":5}},{"start":{},"end":{}}],"line":41},"7":{"loc":{"start":{"line":52,"column":4},"end":{"line":54,"column":5}},"type":"if","locations":[{"start":{"line":52,"column":4},"end":{"line":54,"column":5}},{"start":{},"end":{}}],"line":52},"8":{"loc":{"start":{"line":58,"column":11},"end":{"line":58,"column":44}},"type":"binary-expr","locations":[{"start":{"line":58,"column":11},"end":{"line":58,"column":38}},{"start":{"line":58,"column":42},"end":{"line":58,"column":44}}],"line":58},"9":{"loc":{"start":{"line":65,"column":7},"end":{"line":69,"column":7}},"type":"binary-expr","locations":[{"start":{"line":65,"column":7},"end":{"line":65,"column":12}},{"start":{"line":66,"column":8},"end":{"line":68,"column":14}}],"line":65},"10":{"loc":{"start":{"line":80,"column":23},"end":{"line":80,"column":60}},"type":"cond-expr","locations":[{"start":{"line":80,"column":48},"end":{"line":80,"column":55}},{"start":{"line":80,"column":58},"end":{"line":80,"column":60}}],"line":80},"11":{"loc":{"start":{"line":82,"column":30},"end":{"line":82,"column":80}},"type":"cond-expr","locations":[{"start":{"line":82,"column":55},"end":{"line":82,"column":68}},{"start":{"line":82,"column":71},"end":{"line":82,"column":80}}],"line":82},"12":{"loc":{"start":{"line":84,"column":11},"end":{"line":88,"column":11}},"type":"binary-expr","locations":[{"start":{"line":84,"column":11},"end":{"line":84,"column":33}},{"start":{"line":85,"column":12},"end":{"line":87,"column":19}}],"line":84},"13":{"loc":{"start":{"line":99,"column":23},"end":{"line":99,"column":63}},"type":"cond-expr","locations":[{"start":{"line":99,"column":51},"end":{"line":99,"column":58}},{"start":{"line":99,"column":61},"end":{"line":99,"column":63}}],"line":99},"14":{"loc":{"start":{"line":101,"column":30},"end":{"line":101,"column":86}},"type":"cond-expr","locations":[{"start":{"line":101,"column":58},"end":{"line":101,"column":74}},{"start":{"line":101,"column":77},"end":{"line":101,"column":86}}],"line":101},"15":{"loc":{"start":{"line":103,"column":11},"end":{"line":107,"column":11}},"type":"binary-expr","locations":[{"start":{"line":103,"column":11},"end":{"line":103,"column":36}},{"start":{"line":104,"column":12},"end":{"line":106,"column":19}}],"line":103},"16":{"loc":{"start":{"line":115,"column":11},"end":{"line":115,"column":48}},"type":"cond-expr","locations":[{"start":{"line":115,"column":23},"end":{"line":115,"column":38}},{"start":{"line":115,"column":41},"end":{"line":115,"column":48}}],"line":115}},"s":{"0":1,"1":77,"2":77,"3":77,"4":7,"5":7,"6":3,"7":4,"8":1,"9":7,"10":3,"11":4,"12":1,"13":7,"14":7,"15":77,"16":59,"17":59,"18":59,"19":59,"20":1,"21":1,"22":77,"23":7,"24":7,"25":3,"26":77,"27":471,"28":77,"29":1},"f":{"0":77,"1":7,"2":59,"3":59,"4":1,"5":7,"6":471},"b":{"0":[76],"1":[76],"2":[3,4],"3":[1,3],"4":[3,4],"5":[1,3],"6":[1,58],"7":[3,4],"8":[471,435],"9":[77,1],"10":[4,73],"11":[4,73],"12":[77,4],"13":[5,72],"14":[5,72],"15":[77,5],"16":[1,76]},"_coverageSchema":"1a1c01bbd47fc00a2c39e90264f33305004495a9","hash":"f2d17c37317de9b0168b7b54c46f02c4658ea335"}
,"C:\\Users\\Admin\\Desktop\\week-6-test-debug-assignment-Barmakyy\\client\\src\\components\\PostCard.jsx": {"path":"C:\\Users\\Admin\\Desktop\\week-6-test-debug-assignment-Barmakyy\\client\\src\\components\\PostCard.jsx","statementMap":{"0":{"start":{"line":7,"column":17},"end":{"line":180,"column":1}},"1":{"start":{"line":31,"column":6},"end":{"line":31,"column":10}},"2":{"start":{"line":33,"column":21},"end":{"line":37,"column":3}},"3":{"start":{"line":34,"column":4},"end":{"line":36,"column":5}},"4":{"start":{"line":35,"column":6},"end":{"line":35,"column":18}},"5":{"start":{"line":39,"column":21},"end":{"line":43,"column":3}},"6":{"start":{"line":40,"column":4},"end":{"line":42,"column":5}},"7":{"start":{"line":41,"column":6},"end":{"line":41,"column":18}},"8":{"start":{"line":45,"column":21},"end":{"line":49,"column":3}},"9":{"start":{"line":46,"column":4},"end":{"line":48,"column":5}},"10":{"start":{"line":47,"column":6},"end":{"line":47,"column":18}},"11":{"start":{"line":51,"column":23},"end":{"line":55,"column":3}},"12":{"start":{"line":52,"column":4},"end":{"line":54,"column":5}},"13":{"start":{"line":53,"column":6},"end":{"line":53,"column":20}},"14":{"start":{"line":57,"column":21},"end":{"line":63,"column":3}},"15":{"start":{"line":58,"column":4},"end":{"line":62,"column":7}},"16":{"start":{"line":65,"column":23},"end":{"line":68,"column":3}},"17":{"start":{"line":66,"column":4},"end":{"line":66,"column":46}},"18":{"start":{"line":66,"column":34},"end":{"line":66,"column":46}},"19":{"start":{"line":67,"column":4},"end":{"line":67,"column":48}},"20":{"start":{"line":70,"column":2},"end":{"line":179,"column":4}},"21":{"start":{"line":112,"column":12},"end":{"line":114,"column":19}},"22":{"start":{"line":182,"column":0},"end":{"line":213,"column":2}}},"fnMap":{"0":{"name":"(anonymous_0)","decl":{"start":{"line":7,"column":17},"end":{"line":7,"column":18}},"loc":{"start":{"line":16,"column":6},"end":{"line":180,"column":1}},"line":16},"1":{"name":"(anonymous_1)","decl":{"start":{"line":33,"column":21},"end":{"line":33,"column":22}},"loc":{"start":{"line":33,"column":27},"end":{"line":37,"column":3}},"line":33},"2":{"name":"(anonymous_2)","decl":{"start":{"line":39,"column":21},"end":{"line":39,"column":22}},"loc":{"start":{"line":39,"column":27},"end":{"line":43,"column":3}},"line":39},"3":{"name":"(anonymous_3)","decl":{"start":{"line":45,"column":21},"end":{"line":45,"column":22}},"loc":{"start":{"line":45,"column":27},"end":{"line":49,"column":3}},"line":45},"4":{"name":"(anonymous_4)","decl":{"start":{"line":51,"column":23},"end":{"line":51,"column":24}},"loc":{"start":{"line":51,"column":29},"end":{"line":55,"column":3}},"line":51},"5":{"name":"(anonymous_5)","decl":{"start":{"line":57,"column":21},"end":{"line":57,"column":22}},"loc":{"start":{"line":57,"column":37},"end":{"line":63,"column":3}},"line":57},"6":{"name":"(anonymous_6)","decl":{"start":{"line":65,"column":23},"end":{"line":65,"column":24}},"loc":{"start":{"line":65,"column":50},"end":{"line":68,"column":3}},"line":65},"7":{"name":"(anonymous_7)","decl":{"start":{"line":111,"column":20},"end":{"line":111,"column":21}},"loc":{"start":{"line":112,"column":12},"end":{"line":114,"column":19}},"line":112}},"branchMap":{"0":{"loc":{"start":{"line":13,"column":2},"end":{"line":13,"column":17}},"type":"default-arg","locations":[{"start":{"line":13,"column":12},"end":{"line":13,"column":17}}],"line":13},"1":{"loc":{"start":{"line":14,"column":2},"end":{"line":14,"column":20}},"type":"default-arg","locations":[{"start":{"line":14,"column":16},"end":{"line":14,"column":20}}],"line":14},"2":{"loc":{"start":{"line":15,"column":2},"end":{"line":15,"column":18}},"type":"default-arg","locations":[{"start":{"line":15,"column":13},"end":{"line":15,"column":18}}],"line":15},"3":{"loc":{"start":{"line":29,"column":4},"end":{"line":29,"column":13}},"type":"default-arg","locations":[{"start":{"line":29,"column":11},"end":{"line":29,"column":13}}],"line":29},"4":{"loc":{"start":{"line":34,"column":4},"end":{"line":36,"column":5}},"type":"if","locations":[{"start":{"line":34,"column":4},"end":{"line":36,"column":5}},{"start":{},"end":{}}],"line":34},"5":{"loc":{"start":{"line":40,"column":4},"end":{"line":42,"column":5}},"type":"if","locations":[{"start":{"line":40,"column":4},"end":{"line":42,"column":5}},{"start":{},"end":{}}],"line":40},"6":{"loc":{"start":{"line":46,"column":4},"end":{"line":48,"column":5}},"type":"if","locations":[{"start":{"line":46,"column":4},"end":{"line":48,"column":5}},{"start":{},"end":{}}],"line":46},"7":{"loc":{"start":{"line":52,"column":4},"end":{"line":54,"column":5}},"type":"if","locations":[{"start":{"line":52,"column":4},"end":{"line":54,"column":5}},{"start":{},"end":{}}],"line":52},"8":{"loc":{"start":{"line":52,"column":8},"end":{"line":52,"column":80}},"type":"binary-expr","locations":[{"start":{"line":52,"column":8},"end":{"line":52,"column":16}},{"start":{"line":52,"column":20},"end":{"line":52,"column":80}}],"line":52},"9":{"loc":{"start":{"line":65,"column":30},"end":{"line":65,"column":45}},"type":"default-arg","locations":[{"start":{"line":65,"column":42},"end":{"line":65,"column":45}}],"line":65},"10":{"loc":{"start":{"line":66,"column":4},"end":{"line":66,"column":46}},"type":"if","locations":[{"start":{"line":66,"column":4},"end":{"line":66,"column":46}},{"start":{},"end":{}}],"line":66},"11":{"loc":{"start":{"line":77,"column":9},"end":{"line":81,"column":9}},"type":"binary-expr","locations":[{"start":{"line":77,"column":9},"end":{"line":77,"column":31}},{"start":{"line":78,"column":10},"end":{"line":80,"column":17}}],"line":77},"12":{"loc":{"start":{"line":86,"column":14},"end":{"line":88,"column":50}},"type":"cond-expr","locations":[{"start":{"line":87,"column":14},"end":{"line":87,"column":70}},{"start":{"line":88,"column":14},"end":{"line":88,"column":50}}],"line":86},"13":{"loc":{"start":{"line":86,"column":14},"end":{"line":86,"column":69}},"type":"binary-expr","locations":[{"start":{"line":86,"column":14},"end":{"line":86,"column":40}},{"start":{"line":86,"column":44},"end":{"line":86,"column":69}}],"line":86},"14":{"loc":{"start":{"line":88,"column":14},"end":{"line":88,"column":50}},"type":"binary-expr","locations":[{"start":{"line":88,"column":14},"end":{"line":88,"column":30}},{"start":{"line":88,"column":34},"end":{"line":88,"column":50}}],"line":88},"15":{"loc":{"start":{"line":92,"column":9},"end":{"line":96,"column":9}},"type":"binary-expr","locations":[{"start":{"line":92,"column":9},"end":{"line":92,"column":20}},{"start":{"line":93,"column":10},"end":{"line":95,"column":17}}],"line":92},"16":{"loc":{"start":{"line":98,"column":9},"end":{"line":102,"column":9}},"type":"binary-expr","locations":[{"start":{"line":98,"column":9},"end":{"line":98,"column":17}},{"start":{"line":99,"column":10},"end":{"line":101,"column":17}}],"line":98},"17":{"loc":{"start":{"line":106,"column":12},"end":{"line":106,"column":44}},"type":"binary-expr","locations":[{"start":{"line":106,"column":12},"end":{"line":106,"column":19}},{"start":{"line":106,"column":23},"end":{"line":106,"column":44}}],"line":106},"18":{"loc":{"start":{"line":109,"column":7},"end":{"line":117,"column":7}},"type":"binary-expr","locations":[{"start":{"line":109,"column":7},"end":{"line":109,"column":22}},{"start":{"line":110,"column":8},"end":{"line":116,"column":14}}],"line":109},"19":{"loc":{"start":{"line":122,"column":11},"end":{"line":122,"column":21}},"type":"binary-expr","locations":[{"start":{"line":122,"column":11},"end":{"line":122,"column":16}},{"start":{"line":122,"column":20},"end":{"line":122,"column":21}}],"line":122},"20":{"loc":{"start":{"line":126,"column":11},"end":{"line":126,"column":65}},"type":"binary-expr","locations":[{"start":{"line":126,"column":11},"end":{"line":126,"column":19}},{"start":{"line":126,"column":23},"end":{"line":126,"column":65}}],"line":126},"21":{"loc":{"start":{"line":130,"column":11},"end":{"line":130,"column":28}},"type":"binary-expr","locations":[{"start":{"line":130,"column":11},"end":{"line":130,"column":23}},{"start":{"line":130,"column":27},"end":{"line":130,"column":28}}],"line":130},"22":{"loc":{"start":{"line":134,"column":7},"end":{"line":177,"column":7}},"type":"binary-expr","locations":[{"start":{"line":134,"column":7},"end":{"line":134,"column":18}},{"start":{"line":135,"column":8},"end":{"line":176,"column":14}}],"line":134},"23":{"loc":{"start":{"line":137,"column":21},"end":{"line":137,"column":54}},"type":"cond-expr","locations":[{"start":{"line":137,"column":31},"end":{"line":137,"column":40}},{"start":{"line":137,"column":43},"end":{"line":137,"column":54}}],"line":137},"24":{"loc":{"start":{"line":142,"column":39},"end":{"line":142,"column":63}},"type":"cond-expr","locations":[{"start":{"line":142,"column":49},"end":{"line":142,"column":58}},{"start":{"line":142,"column":61},"end":{"line":142,"column":63}}],"line":142},"25":{"loc":{"start":{"line":143,"column":13},"end":{"line":143,"column":27}},"type":"binary-expr","locations":[{"start":{"line":143,"column":13},"end":{"line":143,"column":22}},{"start":{"line":143,"column":26},"end":{"line":143,"column":27}}],"line":143},"26":{"loc":{"start":{"line":143,"column":30},"end":{"line":143,"column":56}},"type":"cond-expr","locations":[{"start":{"line":143,"column":40},"end":{"line":143,"column":47}},{"start":{"line":143,"column":50},"end":{"line":143,"column":56}}],"line":143},"27":{"loc":{"start":{"line":155,"column":11},"end":{"line":175,"column":11}},"type":"binary-expr","locations":[{"start":{"line":155,"column":11},"end":{"line":155,"column":19}},{"start":{"line":156,"column":12},"end":{"line":174,"column":15}}],"line":155}},"s":{"0":1,"1":27,"2":27,"3":1,"4":1,"5":27,"6":2,"7":2,"8":27,"9":1,"10":1,"11":27,"12":2,"13":1,"14":27,"15":27,"16":27,"17":2,"18":1,"19":1,"20":27,"21":78,"22":1},"f":{"0":27,"1":1,"2":2,"3":1,"4":2,"5":27,"6":2,"7":78},"b":{"0":[25],"1":[26],"2":[22],"3":[0],"4":[1,0],"5":[2,0],"6":[1,0],"7":[1,1],"8":[2,2],"9":[2],"10":[1,1],"11":[27,1],"12":[25,2],"13":[27,25],"14":[2,1],"15":[27,27],"16":[27,27],"17":[27,2],"18":[27,26],"19":[27,1],"20":[27,1],"21":[27,1],"22":[27,26],"23":[1,25],"24":[1,25],"25":[26,0],"26":[1,25],"27":[26,4]},"_coverageSchema":"1a1c01bbd47fc00a2c39e90264f33305004495a9","hash":"662a5703a58204d635fb9e296a05e05e78f173a4"}
,"C:\\Users\\Admin\\Desktop\\week-6-test-debug-assignment-Barmakyy\\client\\src\\tests\\setup.js": {"path":"C:\\Users\\Admin\\Desktop\\week-6-test-debug-assignment-Barmakyy\\client\\src\\tests\\setup.js","statementMap":{"0":{"start":{"line":3,"column":0},"end":{"line":3,"column":37}},"1":{"start":{"line":6,"column":0},"end":{"line":18,"column":3}},"2":{"start":{"line":8,"column":48},"end":{"line":17,"column":3}},"3":{"start":{"line":21,"column":0},"end":{"line":32,"column":2}},"4":{"start":{"line":24,"column":4},"end":{"line":24,"column":16}},"5":{"start":{"line":27,"column":4},"end":{"line":27,"column":16}},"6":{"start":{"line":30,"column":4},"end":{"line":30,"column":16}},"7":{"start":{"line":35,"column":0},"end":{"line":46,"column":2}},"8":{"start":{"line":38,"column":4},"end":{"line":38,"column":16}},"9":{"start":{"line":41,"column":4},"end":{"line":41,"column":16}},"10":{"start":{"line":44,"column":4},"end":{"line":44,"column":16}},"11":{"start":{"line":49,"column":22},"end":{"line":49,"column":35}},"12":{"start":{"line":50,"column":0},"end":{"line":60,"column":3}},"13":{"start":{"line":51,"column":2},"end":{"line":59,"column":4}},"14":{"start":{"line":52,"column":4},"end":{"line":57,"column":5}},"15":{"start":{"line":56,"column":6},"end":{"line":56,"column":13}},"16":{"start":{"line":58,"column":4},"end":{"line":58,"column":41}},"17":{"start":{"line":62,"column":0},"end":{"line":64,"column":3}},"18":{"start":{"line":63,"column":2},"end":{"line":63,"column":32}}},"fnMap":{"0":{"name":"(anonymous_0)","decl":{"start":{"line":8,"column":38},"end":{"line":8,"column":39}},"loc":{"start":{"line":8,"column":48},"end":{"line":17,"column":3}},"line":8},"1":{"name":"(anonymous_1)","decl":{"start":{"line":22,"column":2},"end":{"line":22,"column":3}},"loc":{"start":{"line":22,"column":16},"end":{"line":22,"column":18}},"line":22},"2":{"name":"(anonymous_2)","decl":{"start":{"line":23,"column":2},"end":{"line":23,"column":3}},"loc":{"start":{"line":23,"column":12},"end":{"line":25,"column":3}},"line":23},"3":{"name":"(anonymous_3)","decl":{"start":{"line":26,"column":2},"end":{"line":26,"column":3}},"loc":{"start":{"line":26,"column":15},"end":{"line":28,"column":3}},"line":26},"4":{"name":"(anonymous_4)","decl":{"start":{"line":29,"column":2},"end":{"line":29,"column":3}},"loc":{"start":{"line":29,"column":14},"end":{"line":31,"column":3}},"line":29},"5":{"name":"(anonymous_5)","decl":{"start":{"line":36,"column":2},"end":{"line":36,"column":3}},"loc":{"start":{"line":36,"column":16},"end":{"line":36,"column":18}},"line":36},"6":{"name":"(anonymous_6)","decl":{"start":{"line":37,"column":2},"end":{"line":37,"column":3}},"loc":{"start":{"line":37,"column":12},"end":{"line":39,"column":3}},"line":37},"7":{"name":"(anonymous_7)","decl":{"start":{"line":40,"column":2},"end":{"line":40,"column":3}},"loc":{"start":{"line":40,"column":15},"end":{"line":42,"column":3}},"line":40},"8":{"name":"(anonymous_8)","decl":{"start":{"line":43,"column":2},"end":{"line":43,"column":3}},"loc":{"start":{"line":43,"column":14},"end":{"line":45,"column":3}},"line":43},"9":{"name":"(anonymous_9)","decl":{"start":{"line":50,"column":10},"end":{"line":50,"column":11}},"loc":{"start":{"line":50,"column":16},"end":{"line":60,"column":1}},"line":50},"10":{"name":"(anonymous_10)","decl":{"start":{"line":51,"column":18},"end":{"line":51,"column":19}},"loc":{"start":{"line":51,"column":31},"end":{"line":59,"column":3}},"line":51},"11":{"name":"(anonymous_11)","decl":{"start":{"line":62,"column":9},"end":{"line":62,"column":10}},"loc":{"start":{"line":62,"column":15},"end":{"line":64,"column":1}},"line":62}},"branchMap":{"0":{"loc":{"start":{"line":52,"column":4},"end":{"line":57,"column":5}},"type":"if","locations":[{"start":{"line":52,"column":4},"end":{"line":57,"column":5}},{"start":{},"end":{}}],"line":52},"1":{"loc":{"start":{"line":53,"column":6},"end":{"line":54,"column":64}},"type":"binary-expr","locations":[{"start":{"line":53,"column":6},"end":{"line":53,"column":33}},{"start":{"line":54,"column":6},"end":{"line":54,"column":64}}],"line":53}},"s":{"0":0,"1":0,"2":0,"3":0,"4":0,"5":0,"6":0,"7":0,"8":0,"9":0,"10":0,"11":0,"12":0,"13":0,"14":0,"15":0,"16":0,"17":0,"18":0},"f":{"0":0,"1":0,"2":0,"3":0,"4":0,"5":0,"6":0,"7":0,"8":0,"9":0,"10":0,"11":0},"b":{"0":[0,0],"1":[0,0]}}
,"C:\\Users\\Admin\\Desktop\\week-6-test-debug-assignment-Barmakyy\\client\\src\\utils\\validation.js": {"path":"C:\\Users\\Admin\\Desktop\\week-6-test-debug-assignment-Barmakyy\\client\\src\\utils\\validation.js","statementMap":{"0":{"start":{"line":8,"column":28},"end":{"line":11,"column":1}},"1":{"start":{"line":9,"column":21},"end":{"line":9,"column":49}},"2":{"start":{"line":10,"column":2},"end":{"line":10,"column":32}},"3":{"start":{"line":18,"column":32},"end":{"line":42,"column":1}},"4":{"start":{"line":19,"column":17},"end":{"line":19,"column":19}},"5":{"start":{"line":21,"column":2},"end":{"line":36,"column":3}},"6":{"start":{"line":22,"column":4},"end":{"line":22,"column":40}},"7":{"start":{"line":24,"column":4},"end":{"line":26,"column":5}},"8":{"start":{"line":25,"column":6},"end":{"line":25,"column":65}},"9":{"start":{"line":27,"column":4},"end":{"line":29,"column":5}},"10":{"start":{"line":28,"column":6},"end":{"line":28,"column":73}},"11":{"start":{"line":30,"column":4},"end":{"line":32,"column":5}},"12":{"start":{"line":31,"column":6},"end":{"line":31,"column":73}},"13":{"start":{"line":33,"column":4},"end":{"line":35,"column":5}},"14":{"start":{"line":34,"column":6},"end":{"line":34,"column":63}},"15":{"start":{"line":38,"column":2},"end":{"line":41,"column":4}},"16":{"start":{"line":49,"column":32},"end":{"line":70,"column":1}},"17":{"start":{"line":50,"column":17},"end":{"line":50,"column":19}},"18":{"start":{"line":52,"column":2},"end":{"line":64,"column":3}},"19":{"start":{"line":53,"column":4},"end":{"line":53,"column":40}},"20":{"start":{"line":55,"column":4},"end":{"line":57,"column":5}},"21":{"start":{"line":56,"column":6},"end":{"line":56,"column":65}},"22":{"start":{"line":58,"column":4},"end":{"line":60,"column":5}},"23":{"start":{"line":59,"column":6},"end":{"line":59,"column":58}},"24":{"start":{"line":61,"column":4},"end":{"line":63,"column":5}},"25":{"start":{"line":62,"column":6},"end":{"line":62,"column":81}},"26":{"start":{"line":66,"column":2},"end":{"line":69,"column":4}},"27":{"start":{"line":77,"column":40},"end":{"line":103,"column":1}},"28":{"start":{"line":78,"column":17},"end":{"line":78,"column":19}},"29":{"start":{"line":81,"column":29},"end":{"line":81,"column":64}},"30":{"start":{"line":82,"column":2},"end":{"line":84,"column":3}},"31":{"start":{"line":83,"column":4},"end":{"line":83,"column":51}},"32":{"start":{"line":87,"column":2},"end":{"line":91,"column":3}},"33":{"start":{"line":88,"column":4},"end":{"line":88,"column":39}},"34":{"start":{"line":89,"column":9},"end":{"line":91,"column":3}},"35":{"start":{"line":90,"column":4},"end":{"line":90,"column":50}},"36":{"start":{"line":94,"column":29},"end":{"line":94,"column":64}},"37":{"start":{"line":95,"column":2},"end":{"line":97,"column":3}},"38":{"start":{"line":96,"column":4},"end":{"line":96,"column":51}},"39":{"start":{"line":99,"column":2},"end":{"line":102,"column":4}},"40":{"start":{"line":110,"column":33},"end":{"line":129,"column":1}},"41":{"start":{"line":111,"column":17},"end":{"line":111,"column":19}},"42":{"start":{"line":114,"column":2},"end":{"line":118,"column":3}},"43":{"start":{"line":115,"column":4},"end":{"line":115,"column":39}},"44":{"start":{"line":116,"column":9},"end":{"line":118,"column":3}},"45":{"start":{"line":117,"column":4},"end":{"line":117,"column":50}},"46":{"start":{"line":121,"column":2},"end":{"line":123,"column":3}},"47":{"start":{"line":122,"column":4},"end":{"line":122,"column":45}},"48":{"start":{"line":125,"column":2},"end":{"line":128,"column":4}},"49":{"start":{"line":136,"column":32},"end":{"line":164,"column":1}},"50":{"start":{"line":137,"column":17},"end":{"line":137,"column":19}},"51":{"start":{"line":140,"column":2},"end":{"line":146,"column":3}},"52":{"start":{"line":141,"column":4},"end":{"line":141,"column":39}},"53":{"start":{"line":142,"column":9},"end":{"line":146,"column":3}},"54":{"start":{"line":143,"column":4},"end":{"line":143,"column":62}},"55":{"start":{"line":144,"column":9},"end":{"line":146,"column":3}},"56":{"start":{"line":145,"column":4},"end":{"line":145,"column":56}},"57":{"start":{"line":149,"column":2},"end":{"line":153,"column":3}},"58":{"start":{"line":150,"column":4},"end":{"line":150,"column":43}},"59":{"start":{"line":151,"column":9},"end":{"line":153,"column":3}},"60":{"start":{"line":152,"column":4},"end":{"line":152,"column":67}},"61":{"start":{"line":156,"column":2},"end":{"line":158,"column":3}},"62":{"start":{"line":157,"column":4},"end":{"line":157,"column":45}},"63":{"start":{"line":160,"column":2},"end":{"line":163,"column":4}},"64":{"start":{"line":171,"column":29},"end":{"line":181,"column":1}},"65":{"start":{"line":172,"column":2},"end":{"line":172,"column":46}},"66":{"start":{"line":172,"column":33},"end":{"line":172,"column":46}},"67":{"start":{"line":174,"column":2},"end":{"line":180,"column":30}},"68":{"start":{"line":190,"column":28},"end":{"line":193,"column":1}},"69":{"start":{"line":191,"column":2},"end":{"line":191,"column":53}},"70":{"start":{"line":191,"column":41},"end":{"line":191,"column":53}},"71":{"start":{"line":192,"column":2},"end":{"line":192,"column":63}},"72":{"start":{"line":200,"column":26},"end":{"line":211,"column":1}},"73":{"start":{"line":201,"column":2},"end":{"line":201,"column":23}},"74":{"start":{"line":201,"column":13},"end":{"line":201,"column":23}},"75":{"start":{"line":203,"column":18},"end":{"line":203,"column":32}},"76":{"start":{"line":204,"column":2},"end":{"line":204,"column":42}},"77":{"start":{"line":204,"column":32},"end":{"line":204,"column":42}},"78":{"start":{"line":206,"column":2},"end":{"line":210,"column":5}},"79":{"start":{"line":218,"column":28},"end":{"line":225,"column":1}},"80":{"start":{"line":219,"column":2},"end":{"line":219,"column":24}},"81":{"start":{"line":219,"column":14},"end":{"line":219,"column":24}},"82":{"start":{"line":221,"column":2},"end":{"line":224,"column":29}}},"fnMap":{"0":{"name":"(anonymous_0)","decl":{"start":{"line":8,"column":28},"end":{"line":8,"column":29}},"loc":{"start":{"line":8,"column":39},"end":{"line":11,"column":1}},"line":8},"1":{"name":"(anonymous_1)","decl":{"start":{"line":18,"column":32},"end":{"line":18,"column":33}},"loc":{"start":{"line":18,"column":46},"end":{"line":42,"column":1}},"line":18},"2":{"name":"(anonymous_2)","decl":{"start":{"line":49,"column":32},"end":{"line":49,"column":33}},"loc":{"start":{"line":49,"column":46},"end":{"line":70,"column":1}},"line":49},"3":{"name":"(anonymous_3)","decl":{"start":{"line":77,"column":40},"end":{"line":77,"column":41}},"loc":{"start":{"line":77,"column":54},"end":{"line":103,"column":1}},"line":77},"4":{"name":"(anonymous_4)","decl":{"start":{"line":110,"column":33},"end":{"line":110,"column":34}},"loc":{"start":{"line":110,"column":47},"end":{"line":129,"column":1}},"line":110},"5":{"name":"(anonymous_5)","decl":{"start":{"line":136,"column":32},"end":{"line":136,"column":33}},"loc":{"start":{"line":136,"column":46},"end":{"line":164,"column":1}},"line":136},"6":{"name":"(anonymous_6)","decl":{"start":{"line":171,"column":29},"end":{"line":171,"column":30}},"loc":{"start":{"line":171,"column":40},"end":{"line":181,"column":1}},"line":171},"7":{"name":"(anonymous_7)","decl":{"start":{"line":190,"column":28},"end":{"line":190,"column":29}},"loc":{"start":{"line":190,"column":71},"end":{"line":193,"column":1}},"line":190},"8":{"name":"(anonymous_8)","decl":{"start":{"line":200,"column":26},"end":{"line":200,"column":27}},"loc":{"start":{"line":200,"column":36},"end":{"line":211,"column":1}},"line":200},"9":{"name":"(anonymous_9)","decl":{"start":{"line":218,"column":28},"end":{"line":218,"column":29}},"loc":{"start":{"line":218,"column":39},"end":{"line":225,"column":1}},"line":218}},"branchMap":{"0":{"loc":{"start":{"line":21,"column":2},"end":{"line":36,"column":3}},"type":"if","locations":[{"start":{"line":21,"column":2},"end":{"line":36,"column":3}},{"start":{"line":23,"column":9},"end":{"line":36,"column":3}}],"line":21},"1":{"loc":{"start":{"line":24,"column":4},"end":{"line":26,"column":5}},"type":"if","locations":[{"start":{"line":24,"column":4},"end":{"line":26,"column":5}},{"start":{},"end":{}}],"line":24},"2":{"loc":{"start":{"line":27,"column":4},"end":{"line":29,"column":5}},"type":"if","locations":[{"start":{"line":27,"column":4},"end":{"line":29,"column":5}},{"start":{},"end":{}}],"line":27},"3":{"loc":{"start":{"line":30,"column":4},"end":{"line":32,"column":5}},"type":"if","locations":[{"start":{"line":30,"column":4},"end":{"line":32,"column":5}},{"start":{},"end":{}}],"line":30},"4":{"loc":{"start":{"line":33,"column":4},"end":{"line":35,"column":5}},"type":"if","locations":[{"start":{"line":33,"column":4},"end":{"line":35,"column":5}},{"start":{},"end":{}}],"line":33},"5":{"loc":{"start":{"line":52,"column":2},"end":{"line":64,"column":3}},"type":"if","locations":[{"start":{"line":52,"column":2},"end":{"line":64,"column":3}},{"start":{"line":54,"column":9},"end":{"line":64,"column":3}}],"line":52},"6":{"loc":{"start":{"line":55,"column":4},"end":{"line":57,"column":5}},"type":"if","locations":[{"start":{"line":55,"column":4},"end":{"line":57,"column":5}},{"start":{},"end":{}}],"line":55},"7":{"loc":{"start":{"line":58,"column":4},"end":{"line":60,"column":5}},"type":"if","locations":[{"start":{"line":58,"column":4},"end":{"line":60,"column":5}},{"start":{},"end":{}}],"line":58},"8":{"loc":{"start":{"line":61,"column":4},"end":{"line":63,"column":5}},"type":"if","locations":[{"start":{"line":61,"column":4},"end":{"line":63,"column":5}},{"start":{},"end":{}}],"line":61},"9":{"loc":{"start":{"line":82,"column":2},"end":{"line":84,"column":3}},"type":"if","locations":[{"start":{"line":82,"column":2},"end":{"line":84,"column":3}},{"start":{},"end":{}}],"line":82},"10":{"loc":{"start":{"line":87,"column":2},"end":{"line":91,"column":3}},"type":"if","locations":[{"start":{"line":87,"column":2},"end":{"line":91,"column":3}},{"start":{"line":89,"column":9},"end":{"line":91,"column":3}}],"line":87},"11":{"loc":{"start":{"line":89,"column":9},"end":{"line":91,"column":3}},"type":"if","locations":[{"start":{"line":89,"column":9},"end":{"line":91,"column":3}},{"start":{},"end":{}}],"line":89},"12":{"loc":{"start":{"line":95,"column":2},"end":{"line":97,"column":3}},"type":"if","locations":[{"start":{"line":95,"column":2},"end":{"line":97,"column":3}},{"start":{},"end":{}}],"line":95},"13":{"loc":{"start":{"line":114,"column":2},"end":{"line":118,"column":3}},"type":"if","locations":[{"start":{"line":114,"column":2},"end":{"line":118,"column":3}},{"start":{"line":116,"column":9},"end":{"line":118,"column":3}}],"line":114},"14":{"loc":{"start":{"line":116,"column":9},"end":{"line":118,"column":3}},"type":"if","locations":[{"start":{"line":116,"column":9},"end":{"line":118,"column":3}},{"start":{},"end":{}}],"line":116},"15":{"loc":{"start":{"line":121,"column":2},"end":{"line":123,"column":3}},"type":"if","locations":[{"start":{"line":121,"column":2},"end":{"line":123,"column":3}},{"start":{},"end":{}}],"line":121},"16":{"loc":{"start":{"line":140,"column":2},"end":{"line":146,"column":3}},"type":"if","locations":[{"start":{"line":140,"column":2},"end":{"line":146,"column":3}},{"start":{"line":142,"column":9},"end":{"line":146,"column":3}}],"line":140},"17":{"loc":{"start":{"line":142,"column":9},"end":{"line":146,"column":3}},"type":"if","locations":[{"start":{"line":142,"column":9},"end":{"line":146,"column":3}},{"start":{"line":144,"column":9},"end":{"line":146,"column":3}}],"line":142},"18":{"loc":{"start":{"line":144,"column":9},"end":{"line":146,"column":3}},"type":"if","locations":[{"start":{"line":144,"column":9},"end":{"line":146,"column":3}},{"start":{},"end":{}}],"line":144},"19":{"loc":{"start":{"line":149,"column":2},"end":{"line":153,"column":3}},"type":"if","locations":[{"start":{"line":149,"column":2},"end":{"line":153,"column":3}},{"start":{"line":151,"column":9},"end":{"line":153,"column":3}}],"line":149},"20":{"loc":{"start":{"line":151,"column":9},"end":{"line":153,"column":3}},"type":"if","locations":[{"start":{"line":151,"column":9},"end":{"line":153,"column":3}},{"start":{},"end":{}}],"line":151},"21":{"loc":{"start":{"line":156,"column":2},"end":{"line":158,"column":3}},"type":"if","locations":[{"start":{"line":156,"column":2},"end":{"line":158,"column":3}},{"start":{},"end":{}}],"line":156},"22":{"loc":{"start":{"line":172,"column":2},"end":{"line":172,"column":46}},"type":"if","locations":[{"start":{"line":172,"column":2},"end":{"line":172,"column":46}},{"start":{},"end":{}}],"line":172},"23":{"loc":{"start":{"line":190,"column":35},"end":{"line":190,"column":50}},"type":"default-arg","locations":[{"start":{"line":190,"column":47},"end":{"line":190,"column":50}}],"line":190},"24":{"loc":{"start":{"line":190,"column":52},"end":{"line":190,"column":66}},"type":"default-arg","locations":[{"start":{"line":190,"column":61},"end":{"line":190,"column":66}}],"line":190},"25":{"loc":{"start":{"line":191,"column":2},"end":{"line":191,"column":53}},"type":"if","locations":[{"start":{"line":191,"column":2},"end":{"line":191,"column":53}},{"start":{},"end":{}}],"line":191},"26":{"loc":{"start":{"line":191,"column":6},"end":{"line":191,"column":39}},"type":"binary-expr","locations":[{"start":{"line":191,"column":6},"end":{"line":191,"column":11}},{"start":{"line":191,"column":15},"end":{"line":191,"column":39}}],"line":191},"27":{"loc":{"start":{"line":201,"column":2},"end":{"line":201,"column":23}},"type":"if","locations":[{"start":{"line":201,"column":2},"end":{"line":201,"column":23}},{"start":{},"end":{}}],"line":201},"28":{"loc":{"start":{"line":204,"column":2},"end":{"line":204,"column":42}},"type":"if","locations":[{"start":{"line":204,"column":2},"end":{"line":204,"column":42}},{"start":{},"end":{}}],"line":204},"29":{"loc":{"start":{"line":219,"column":2},"end":{"line":219,"column":24}},"type":"if","locations":[{"start":{"line":219,"column":2},"end":{"line":219,"column":24}},{"start":{},"end":{}}],"line":219}},"s":{"0":1,"1":14,"2":14,"3":1,"4":7,"5":7,"6":3,"7":4,"8":2,"9":4,"10":0,"11":4,"12":2,"13":4,"14":2,"15":7,"16":1,"17":8,"18":8,"19":2,"20":6,"21":2,"22":6,"23":1,"24":6,"25":1,"26":8,"27":1,"28":3,"29":3,"30":3,"31":2,"32":3,"33":1,"34":2,"35":1,"36":3,"37":3,"38":2,"39":3,"40":1,"41":2,"42":2,"43":0,"44":2,"45":1,"46":2,"47":1,"48":2,"49":1,"50":3,"51":3,"52":0,"53":3,"54":1,"55":2,"56":1,"57":3,"58":0,"59":3,"60":1,"61":3,"62":1,"63":3,"64":1,"65":7,"66":4,"67":3,"68":1,"69":5,"70":3,"71":2,"72":1,"73":7,"74":3,"75":4,"76":4,"77":1,"78":3,"79":1,"80":10,"81":3,"82":7},"f":{"0":14,"1":7,"2":8,"3":3,"4":2,"5":3,"6":7,"7":5,"8":7,"9":10},"b":{"0":[3,4],"1":[2,2],"2":[0,4],"3":[2,2],"4":[2,2],"5":[2,6],"6":[2,4],"7":[1,5],"8":[1,5],"9":[2,1],"10":[1,2],"11":[1,1],"12":[2,1],"13":[0,2],"14":[1,1],"15":[1,1],"16":[0,3],"17":[1,2],"18":[1,1],"19":[0,3],"20":[1,2],"21":[1,2],"22":[4,3],"23":[0],"24":[4],"25":[3,2],"26":[5,3],"27":[3,4],"28":[1,3],"29":[3,7]},"_coverageSchema":"1a1c01bbd47fc00a2c39e90264f33305004495a9","hash":"13775de9250b1b9f5abb6947ad0bf6bf78495860"}
}
