TN:
SF:src\App.jsx
FN:7,App
FN:11,(anonymous_1)
FN:18,(anonymous_2)
FN:47,(anonymous_3)
FN:65,(anonymous_4)
FN:69,(anonymous_5)
FN:77,(anonymous_6)
FN:79,(anonymous_7)
FN:86,(anonymous_8)
FN:99,(anonymous_9)
FN:100,(anonymous_10)
FN:101,(anonymous_11)
FN:102,(anonymous_12)
FNF:13
FNH:0
FNDA:0,App
FNDA:0,(anonymous_1)
FNDA:0,(anonymous_2)
FNDA:0,(anonymous_3)
FNDA:0,(anonymous_4)
FNDA:0,(anonymous_5)
FNDA:0,(anonymous_6)
FNDA:0,(anonymous_7)
FNDA:0,(anonymous_8)
FNDA:0,(anonymous_9)
FNDA:0,(anonymous_10)
FNDA:0,(anonymous_11)
FNDA:0,(anonymous_12)
DA:8,0
DA:9,0
DA:11,0
DA:12,0
DA:14,0
DA:15,0
DA:18,0
DA:19,0
DA:20,0
DA:23,0
DA:47,0
DA:48,0
DA:65,0
DA:69,0
DA:77,0
DA:78,0
DA:79,0
DA:86,0
DA:87,0
DA:99,0
DA:100,0
DA:101,0
DA:102,0
DA:109,0
LF:24
LH:0
BRDA:64,0,0,0
BRDA:64,0,1,0
BRDA:111,1,0,0
BRDA:111,1,1,0
BRDA:112,2,0,0
BRDA:112,2,1,0
BRDA:113,3,0,0
BRDA:113,3,1,0
BRF:8
BRH:0
end_of_record
TN:
SF:src\index.js
FNF:0
FNH:0
DA:6,0
DA:7,0
LF:2
LH:0
BRF:0
BRH:0
end_of_record
TN:
SF:src\components\Button.jsx
FN:6,(anonymous_0)
FN:40,(anonymous_1)
FNF:2
FNH:2
FNDA:149,(anonymous_0)
FNDA:13,(anonymous_1)
DA:6,3
DA:16,149
DA:17,149
DA:25,149
DA:30,149
DA:32,149
DA:40,149
DA:41,13
DA:42,6
DA:46,149
DA:59,3
LF:11
LH:11
BRDA:8,0,0,86
BRDA:9,1,0,86
BRDA:10,2,0,70
BRDA:12,3,0,71
BRDA:13,4,0,72
BRDA:30,5,0,3
BRDA:30,5,1,146
BRDA:34,6,0,149
BRDA:34,6,1,0
BRDA:35,7,0,149
BRDA:35,7,1,0
BRDA:41,8,0,6
BRDA:41,8,1,7
BRDA:41,9,0,13
BRDA:41,9,1,13
BRF:15
BRH:13
end_of_record
TN:
SF:src\components\LoginForm.jsx
FN:7,(anonymous_0)
FN:14,(anonymous_1)
FN:33,(anonymous_2)
FN:35,(anonymous_3)
FN:42,(anonymous_4)
FN:49,(anonymous_5)
FN:57,(anonymous_6)
FNF:7
FNH:7
FNDA:77,(anonymous_0)
FNDA:7,(anonymous_1)
FNDA:59,(anonymous_2)
FNDA:59,(anonymous_3)
FNDA:1,(anonymous_4)
FNDA:7,(anonymous_5)
FNDA:471,(anonymous_6)
DA:7,1
DA:8,77
DA:12,77
DA:14,77
DA:15,7
DA:17,7
DA:18,3
DA:19,4
DA:20,1
DA:23,7
DA:24,3
DA:25,4
DA:26,1
DA:29,7
DA:30,7
DA:33,77
DA:34,59
DA:35,59
DA:41,59
DA:42,1
DA:49,77
DA:50,7
DA:52,7
DA:53,3
DA:57,77
DA:58,471
DA:61,77
DA:122,1
LF:28
LH:28
BRDA:7,0,0,76
BRDA:7,1,0,76
BRDA:17,2,0,3
BRDA:17,2,1,4
BRDA:19,3,0,1
BRDA:19,3,1,3
BRDA:23,4,0,3
BRDA:23,4,1,4
BRDA:25,5,0,1
BRDA:25,5,1,3
BRDA:41,6,0,1
BRDA:41,6,1,58
BRDA:52,7,0,3
BRDA:52,7,1,4
BRDA:58,8,0,471
BRDA:58,8,1,435
BRDA:65,9,0,77
BRDA:65,9,1,1
BRDA:80,10,0,4
BRDA:80,10,1,73
BRDA:82,11,0,4
BRDA:82,11,1,73
BRDA:84,12,0,77
BRDA:84,12,1,4
BRDA:99,13,0,5
BRDA:99,13,1,72
BRDA:101,14,0,5
BRDA:101,14,1,72
BRDA:103,15,0,77
BRDA:103,15,1,5
BRDA:115,16,0,1
BRDA:115,16,1,76
BRF:32
BRH:32
end_of_record
TN:
SF:src\components\PostCard.jsx
FN:7,(anonymous_0)
FN:33,(anonymous_1)
FN:39,(anonymous_2)
FN:45,(anonymous_3)
FN:51,(anonymous_4)
FN:57,(anonymous_5)
FN:65,(anonymous_6)
FN:111,(anonymous_7)
FNF:8
FNH:8
FNDA:27,(anonymous_0)
FNDA:1,(anonymous_1)
FNDA:2,(anonymous_2)
FNDA:1,(anonymous_3)
FNDA:2,(anonymous_4)
FNDA:27,(anonymous_5)
FNDA:2,(anonymous_6)
FNDA:78,(anonymous_7)
DA:7,1
DA:31,27
DA:33,27
DA:34,1
DA:35,1
DA:39,27
DA:40,2
DA:41,2
DA:45,27
DA:46,1
DA:47,1
DA:51,27
DA:52,2
DA:53,1
DA:57,27
DA:58,27
DA:65,27
DA:66,2
DA:67,1
DA:70,27
DA:112,78
DA:182,1
LF:22
LH:22
BRDA:13,0,0,25
BRDA:14,1,0,26
BRDA:15,2,0,22
BRDA:29,3,0,0
BRDA:34,4,0,1
BRDA:34,4,1,0
BRDA:40,5,0,2
BRDA:40,5,1,0
BRDA:46,6,0,1
BRDA:46,6,1,0
BRDA:52,7,0,1
BRDA:52,7,1,1
BRDA:52,8,0,2
BRDA:52,8,1,2
BRDA:65,9,0,2
BRDA:66,10,0,1
BRDA:66,10,1,1
BRDA:77,11,0,27
BRDA:77,11,1,1
BRDA:86,12,0,25
BRDA:86,12,1,2
BRDA:86,13,0,27
BRDA:86,13,1,25
BRDA:88,14,0,2
BRDA:88,14,1,1
BRDA:92,15,0,27
BRDA:92,15,1,27
BRDA:98,16,0,27
BRDA:98,16,1,27
BRDA:106,17,0,27
BRDA:106,17,1,2
BRDA:109,18,0,27
BRDA:109,18,1,26
BRDA:122,19,0,27
BRDA:122,19,1,1
BRDA:126,20,0,27
BRDA:126,20,1,1
BRDA:130,21,0,27
BRDA:130,21,1,1
BRDA:134,22,0,27
BRDA:134,22,1,26
BRDA:137,23,0,1
BRDA:137,23,1,25
BRDA:142,24,0,1
BRDA:142,24,1,25
BRDA:143,25,0,26
BRDA:143,25,1,0
BRDA:143,26,0,1
BRDA:143,26,1,25
BRDA:155,27,0,26
BRDA:155,27,1,4
BRF:51
BRH:46
end_of_record
TN:
SF:src\tests\setup.js
FN:8,(anonymous_0)
FN:22,(anonymous_1)
FN:23,(anonymous_2)
FN:26,(anonymous_3)
FN:29,(anonymous_4)
FN:36,(anonymous_5)
FN:37,(anonymous_6)
FN:40,(anonymous_7)
FN:43,(anonymous_8)
FN:50,(anonymous_9)
FN:51,(anonymous_10)
FN:62,(anonymous_11)
FNF:12
FNH:0
FNDA:0,(anonymous_0)
FNDA:0,(anonymous_1)
FNDA:0,(anonymous_2)
FNDA:0,(anonymous_3)
FNDA:0,(anonymous_4)
FNDA:0,(anonymous_5)
FNDA:0,(anonymous_6)
FNDA:0,(anonymous_7)
FNDA:0,(anonymous_8)
FNDA:0,(anonymous_9)
FNDA:0,(anonymous_10)
FNDA:0,(anonymous_11)
DA:3,0
DA:6,0
DA:8,0
DA:21,0
DA:24,0
DA:27,0
DA:30,0
DA:35,0
DA:38,0
DA:41,0
DA:44,0
DA:49,0
DA:50,0
DA:51,0
DA:52,0
DA:56,0
DA:58,0
DA:62,0
DA:63,0
LF:19
LH:0
BRDA:52,0,0,0
BRDA:52,0,1,0
BRDA:53,1,0,0
BRDA:53,1,1,0
BRF:4
BRH:0
end_of_record
TN:
SF:src\utils\validation.js
FN:8,(anonymous_0)
FN:18,(anonymous_1)
FN:49,(anonymous_2)
FN:77,(anonymous_3)
FN:110,(anonymous_4)
FN:136,(anonymous_5)
FN:171,(anonymous_6)
FN:190,(anonymous_7)
FN:200,(anonymous_8)
FN:218,(anonymous_9)
FNF:10
FNH:10
FNDA:14,(anonymous_0)
FNDA:7,(anonymous_1)
FNDA:8,(anonymous_2)
FNDA:3,(anonymous_3)
FNDA:2,(anonymous_4)
FNDA:3,(anonymous_5)
FNDA:7,(anonymous_6)
FNDA:5,(anonymous_7)
FNDA:7,(anonymous_8)
FNDA:10,(anonymous_9)
DA:8,1
DA:9,14
DA:10,14
DA:18,1
DA:19,7
DA:21,7
DA:22,3
DA:24,4
DA:25,2
DA:27,4
DA:28,0
DA:30,4
DA:31,2
DA:33,4
DA:34,2
DA:38,7
DA:49,1
DA:50,8
DA:52,8
DA:53,2
DA:55,6
DA:56,2
DA:58,6
DA:59,1
DA:61,6
DA:62,1
DA:66,8
DA:77,1
DA:78,3
DA:81,3
DA:82,3
DA:83,2
DA:87,3
DA:88,1
DA:89,2
DA:90,1
DA:94,3
DA:95,3
DA:96,2
DA:99,3
DA:110,1
DA:111,2
DA:114,2
DA:115,0
DA:116,2
DA:117,1
DA:121,2
DA:122,1
DA:125,2
DA:136,1
DA:137,3
DA:140,3
DA:141,0
DA:142,3
DA:143,1
DA:144,2
DA:145,1
DA:149,3
DA:150,0
DA:151,3
DA:152,1
DA:156,3
DA:157,1
DA:160,3
DA:171,1
DA:172,7
DA:174,3
DA:190,1
DA:191,5
DA:192,2
DA:200,1
DA:201,7
DA:203,4
DA:204,4
DA:206,3
DA:218,1
DA:219,10
DA:221,7
LF:78
LH:74
BRDA:21,0,0,3
BRDA:21,0,1,4
BRDA:24,1,0,2
BRDA:24,1,1,2
BRDA:27,2,0,0
BRDA:27,2,1,4
BRDA:30,3,0,2
BRDA:30,3,1,2
BRDA:33,4,0,2
BRDA:33,4,1,2
BRDA:52,5,0,2
BRDA:52,5,1,6
BRDA:55,6,0,2
BRDA:55,6,1,4
BRDA:58,7,0,1
BRDA:58,7,1,5
BRDA:61,8,0,1
BRDA:61,8,1,5
BRDA:82,9,0,2
BRDA:82,9,1,1
BRDA:87,10,0,1
BRDA:87,10,1,2
BRDA:89,11,0,1
BRDA:89,11,1,1
BRDA:95,12,0,2
BRDA:95,12,1,1
BRDA:114,13,0,0
BRDA:114,13,1,2
BRDA:116,14,0,1
BRDA:116,14,1,1
BRDA:121,15,0,1
BRDA:121,15,1,1
BRDA:140,16,0,0
BRDA:140,16,1,3
BRDA:142,17,0,1
BRDA:142,17,1,2
BRDA:144,18,0,1
BRDA:144,18,1,1
BRDA:149,19,0,0
BRDA:149,19,1,3
BRDA:151,20,0,1
BRDA:151,20,1,2
BRDA:156,21,0,1
BRDA:156,21,1,2
BRDA:172,22,0,4
BRDA:172,22,1,3
BRDA:190,23,0,0
BRDA:190,24,0,4
BRDA:191,25,0,3
BRDA:191,25,1,2
BRDA:191,26,0,5
BRDA:191,26,1,3
BRDA:201,27,0,3
BRDA:201,27,1,4
BRDA:204,28,0,1
BRDA:204,28,1,3
BRDA:219,29,0,3
BRDA:219,29,1,7
BRF:58
BRH:53
end_of_record
