TN:
SF:client\src\components\Button.jsx
FN:6,(anonymous_0)
FN:40,(anonymous_1)
FNF:2
FNH:2
FNDA:149,(anonymous_0)
FNDA:13,(anonymous_1)
DA:6,3
DA:16,149
DA:17,149
DA:25,149
DA:30,149
DA:32,149
DA:40,149
DA:41,13
DA:42,6
DA:46,149
DA:59,3
LF:11
LH:11
BRDA:8,0,0,86
BRDA:9,1,0,86
BRDA:10,2,0,70
BRDA:12,3,0,71
BRDA:13,4,0,72
BRDA:30,5,0,3
BRDA:30,5,1,146
BRDA:34,6,0,149
BRDA:34,6,1,0
BRDA:35,7,0,149
BRDA:35,7,1,0
BRDA:41,8,0,6
BRDA:41,8,1,7
BRDA:41,9,0,13
BRDA:41,9,1,13
BRF:15
BRH:13
end_of_record
TN:
SF:client\src\components\LoginForm.jsx
FN:7,(anonymous_0)
FN:14,(anonymous_1)
FN:33,(anonymous_2)
FN:35,(anonymous_3)
FN:42,(anonymous_4)
FN:49,(anonymous_5)
FN:57,(anonymous_6)
FNF:7
FNH:7
FNDA:77,(anonymous_0)
FNDA:7,(anonymous_1)
FNDA:59,(anonymous_2)
FNDA:59,(anonymous_3)
FNDA:1,(anonymous_4)
FNDA:7,(anonymous_5)
FNDA:471,(anonymous_6)
DA:7,1
DA:8,77
DA:12,77
DA:14,77
DA:15,7
DA:17,7
DA:18,3
DA:19,4
DA:20,1
DA:23,7
DA:24,3
DA:25,4
DA:26,1
DA:29,7
DA:30,7
DA:33,77
DA:34,59
DA:35,59
DA:41,59
DA:42,1
DA:49,77
DA:50,7
DA:52,7
DA:53,3
DA:57,77
DA:58,471
DA:61,77
DA:122,1
LF:28
LH:28
BRDA:7,0,0,76
BRDA:7,1,0,76
BRDA:17,2,0,3
BRDA:17,2,1,4
BRDA:19,3,0,1
BRDA:19,3,1,3
BRDA:23,4,0,3
BRDA:23,4,1,4
BRDA:25,5,0,1
BRDA:25,5,1,3
BRDA:41,6,0,1
BRDA:41,6,1,58
BRDA:52,7,0,3
BRDA:52,7,1,4
BRDA:58,8,0,471
BRDA:58,8,1,435
BRDA:65,9,0,77
BRDA:65,9,1,1
BRDA:80,10,0,4
BRDA:80,10,1,73
BRDA:82,11,0,4
BRDA:82,11,1,73
BRDA:84,12,0,77
BRDA:84,12,1,4
BRDA:99,13,0,5
BRDA:99,13,1,72
BRDA:101,14,0,5
BRDA:101,14,1,72
BRDA:103,15,0,77
BRDA:103,15,1,5
BRDA:115,16,0,1
BRDA:115,16,1,76
BRF:32
BRH:32
end_of_record
TN:
SF:client\src\components\PostCard.jsx
FN:7,(anonymous_0)
FN:33,(anonymous_1)
FN:39,(anonymous_2)
FN:45,(anonymous_3)
FN:51,(anonymous_4)
FN:57,(anonymous_5)
FN:65,(anonymous_6)
FN:111,(anonymous_7)
FNF:8
FNH:8
FNDA:27,(anonymous_0)
FNDA:1,(anonymous_1)
FNDA:2,(anonymous_2)
FNDA:1,(anonymous_3)
FNDA:2,(anonymous_4)
FNDA:27,(anonymous_5)
FNDA:2,(anonymous_6)
FNDA:78,(anonymous_7)
DA:7,1
DA:31,27
DA:33,27
DA:34,1
DA:35,1
DA:39,27
DA:40,2
DA:41,2
DA:45,27
DA:46,1
DA:47,1
DA:51,27
DA:52,2
DA:53,1
DA:57,27
DA:58,27
DA:65,27
DA:66,2
DA:67,1
DA:70,27
DA:112,78
DA:182,1
LF:22
LH:22
BRDA:13,0,0,25
BRDA:14,1,0,26
BRDA:15,2,0,22
BRDA:29,3,0,0
BRDA:34,4,0,1
BRDA:34,4,1,0
BRDA:40,5,0,2
BRDA:40,5,1,0
BRDA:46,6,0,1
BRDA:46,6,1,0
BRDA:52,7,0,1
BRDA:52,7,1,1
BRDA:52,8,0,2
BRDA:52,8,1,2
BRDA:65,9,0,2
BRDA:66,10,0,1
BRDA:66,10,1,1
BRDA:77,11,0,27
BRDA:77,11,1,1
BRDA:86,12,0,25
BRDA:86,12,1,2
BRDA:86,13,0,27
BRDA:86,13,1,25
BRDA:88,14,0,2
BRDA:88,14,1,1
BRDA:92,15,0,27
BRDA:92,15,1,27
BRDA:98,16,0,27
BRDA:98,16,1,27
BRDA:106,17,0,27
BRDA:106,17,1,2
BRDA:109,18,0,27
BRDA:109,18,1,26
BRDA:122,19,0,27
BRDA:122,19,1,1
BRDA:126,20,0,27
BRDA:126,20,1,1
BRDA:130,21,0,27
BRDA:130,21,1,1
BRDA:134,22,0,27
BRDA:134,22,1,26
BRDA:137,23,0,1
BRDA:137,23,1,25
BRDA:142,24,0,1
BRDA:142,24,1,25
BRDA:143,25,0,26
BRDA:143,25,1,0
BRDA:143,26,0,1
BRDA:143,26,1,25
BRDA:155,27,0,26
BRDA:155,27,1,4
BRF:51
BRH:46
end_of_record
TN:
SF:client\src\utils\validation.js
FN:8,(anonymous_0)
FN:18,(anonymous_1)
FN:49,(anonymous_2)
FN:77,(anonymous_3)
FN:110,(anonymous_4)
FN:136,(anonymous_5)
FN:171,(anonymous_6)
FN:190,(anonymous_7)
FN:200,(anonymous_8)
FN:218,(anonymous_9)
FNF:10
FNH:10
FNDA:14,(anonymous_0)
FNDA:7,(anonymous_1)
FNDA:8,(anonymous_2)
FNDA:3,(anonymous_3)
FNDA:2,(anonymous_4)
FNDA:3,(anonymous_5)
FNDA:7,(anonymous_6)
FNDA:5,(anonymous_7)
FNDA:7,(anonymous_8)
FNDA:10,(anonymous_9)
DA:8,1
DA:9,14
DA:10,14
DA:18,1
DA:19,7
DA:21,7
DA:22,3
DA:24,4
DA:25,2
DA:27,4
DA:28,0
DA:30,4
DA:31,2
DA:33,4
DA:34,2
DA:38,7
DA:49,1
DA:50,8
DA:52,8
DA:53,2
DA:55,6
DA:56,2
DA:58,6
DA:59,1
DA:61,6
DA:62,1
DA:66,8
DA:77,1
DA:78,3
DA:81,3
DA:82,3
DA:83,2
DA:87,3
DA:88,1
DA:89,2
DA:90,1
DA:94,3
DA:95,3
DA:96,2
DA:99,3
DA:110,1
DA:111,2
DA:114,2
DA:115,0
DA:116,2
DA:117,1
DA:121,2
DA:122,1
DA:125,2
DA:136,1
DA:137,3
DA:140,3
DA:141,0
DA:142,3
DA:143,1
DA:144,2
DA:145,1
DA:149,3
DA:150,0
DA:151,3
DA:152,1
DA:156,3
DA:157,1
DA:160,3
DA:171,1
DA:172,7
DA:174,3
DA:190,1
DA:191,5
DA:192,2
DA:200,1
DA:201,7
DA:203,4
DA:204,4
DA:206,3
DA:218,1
DA:219,10
DA:221,7
LF:78
LH:74
BRDA:21,0,0,3
BRDA:21,0,1,4
BRDA:24,1,0,2
BRDA:24,1,1,2
BRDA:27,2,0,0
BRDA:27,2,1,4
BRDA:30,3,0,2
BRDA:30,3,1,2
BRDA:33,4,0,2
BRDA:33,4,1,2
BRDA:52,5,0,2
BRDA:52,5,1,6
BRDA:55,6,0,2
BRDA:55,6,1,4
BRDA:58,7,0,1
BRDA:58,7,1,5
BRDA:61,8,0,1
BRDA:61,8,1,5
BRDA:82,9,0,2
BRDA:82,9,1,1
BRDA:87,10,0,1
BRDA:87,10,1,2
BRDA:89,11,0,1
BRDA:89,11,1,1
BRDA:95,12,0,2
BRDA:95,12,1,1
BRDA:114,13,0,0
BRDA:114,13,1,2
BRDA:116,14,0,1
BRDA:116,14,1,1
BRDA:121,15,0,1
BRDA:121,15,1,1
BRDA:140,16,0,0
BRDA:140,16,1,3
BRDA:142,17,0,1
BRDA:142,17,1,2
BRDA:144,18,0,1
BRDA:144,18,1,1
BRDA:149,19,0,0
BRDA:149,19,1,3
BRDA:151,20,0,1
BRDA:151,20,1,2
BRDA:156,21,0,1
BRDA:156,21,1,2
BRDA:172,22,0,4
BRDA:172,22,1,3
BRDA:190,23,0,0
BRDA:190,24,0,4
BRDA:191,25,0,3
BRDA:191,25,1,2
BRDA:191,26,0,5
BRDA:191,26,1,3
BRDA:201,27,0,3
BRDA:201,27,1,4
BRDA:204,28,0,1
BRDA:204,28,1,3
BRDA:219,29,0,3
BRDA:219,29,1,7
BRF:58
BRH:53
end_of_record
TN:
SF:server\src\app.js
FN:28,(anonymous_0)
FN:33,(anonymous_1)
FN:44,(anonymous_2)
FN:53,(anonymous_3)
FN:61,(anonymous_4)
FN:66,(anonymous_5)
FN:74,(anonymous_6)
FNF:7
FNH:2
FNDA:42,(anonymous_0)
FNDA:42,(anonymous_1)
FNDA:0,(anonymous_2)
FNDA:0,(anonymous_3)
FNDA:0,(anonymous_4)
FNDA:0,(anonymous_5)
FNDA:0,(anonymous_6)
DA:3,2
DA:4,2
DA:5,2
DA:6,2
DA:7,2
DA:8,2
DA:10,2
DA:11,2
DA:12,2
DA:15,2
DA:16,2
DA:17,2
DA:19,2
DA:22,2
DA:25,2
DA:26,2
DA:27,2
DA:28,42
DA:29,2
DA:30,2
DA:33,2
DA:34,42
DA:35,42
DA:39,2
DA:40,2
DA:41,2
DA:44,2
DA:45,0
DA:53,2
DA:54,0
DA:58,2
DA:61,2
DA:62,0
DA:63,0
DA:66,2
DA:67,0
DA:68,0
DA:71,2
DA:73,2
DA:74,0
DA:75,0
DA:79,2
LF:42
LH:34
BRDA:71,0,0,2
BRDA:71,0,1,2
BRDA:73,1,0,0
BRDA:73,1,1,2
BRF:4
BRH:3
end_of_record
TN:
SF:server\src\config\database.js
FN:6,(anonymous_0)
FN:15,(anonymous_1)
FN:19,(anonymous_2)
FN:23,(anonymous_3)
FNF:4
FNH:2
FNDA:2,(anonymous_0)
FNDA:0,(anonymous_1)
FNDA:4,(anonymous_2)
FNDA:0,(anonymous_3)
DA:3,2
DA:4,2
DA:6,2
DA:7,2
DA:8,2
DA:10,2
DA:12,2
DA:15,2
DA:16,0
DA:19,2
DA:20,4
DA:23,2
DA:24,0
DA:28,0
DA:29,0
DA:33,2
LF:16
LH:12
BRDA:8,0,0,2
BRDA:8,0,1,2
BRF:2
BRH:2
end_of_record
TN:
SF:server\src\middleware\errorHandler.js
FN:5,(anonymous_0)
FN:34,(anonymous_1)
FNF:2
FNH:0
FNDA:0,(anonymous_0)
FNDA:0,(anonymous_1)
DA:3,2
DA:5,2
DA:6,0
DA:7,0
DA:10,0
DA:21,0
DA:22,0
DA:23,0
DA:27,0
DA:28,0
DA:29,0
DA:33,0
DA:34,0
DA:35,0
DA:39,0
DA:40,0
DA:41,0
DA:44,0
DA:45,0
DA:46,0
DA:50,0
DA:51,0
DA:54,0
DA:59,0
DA:62,2
LF:25
LH:3
BRDA:21,0,0,0
BRDA:21,0,1,0
BRDA:27,1,0,0
BRDA:27,1,1,0
BRDA:33,2,0,0
BRDA:33,2,1,0
BRDA:39,3,0,0
BRDA:39,3,1,0
BRDA:44,4,0,0
BRDA:44,4,1,0
BRDA:50,5,0,0
BRDA:50,5,1,0
BRDA:51,6,0,0
BRDA:51,6,1,0
BRDA:56,7,0,0
BRDA:56,7,1,0
BRF:16
BRH:0
end_of_record
TN:
SF:server\src\models\Post.js
FN:96,(anonymous_0)
FN:101,(anonymous_1)
FN:106,(anonymous_2)
FN:128,(anonymous_3)
FN:152,(anonymous_4)
FN:158,(anonymous_5)
FN:171,(anonymous_6)
FN:181,(anonymous_7)
FN:189,(anonymous_8)
FNF:9
FNH:2
FNDA:0,(anonymous_0)
FNDA:0,(anonymous_1)
FNDA:2,(anonymous_2)
FNDA:2,(anonymous_3)
FNDA:0,(anonymous_4)
FNDA:0,(anonymous_5)
FNDA:0,(anonymous_6)
FNDA:0,(anonymous_7)
FNDA:0,(anonymous_8)
DA:3,2
DA:5,2
DA:96,2
DA:97,0
DA:101,2
DA:102,0
DA:106,2
DA:107,2
DA:109,2
DA:110,2
DA:111,2
DA:116,2
DA:117,2
DA:118,2
DA:119,2
DA:120,2
DA:121,2
DA:124,2
DA:125,2
DA:128,2
DA:129,2
DA:130,0
DA:136,2
DA:137,2
DA:140,2
DA:141,0
DA:144,2
DA:145,2
DA:148,2
DA:152,2
DA:153,0
DA:154,0
DA:158,2
DA:159,0
DA:161,0
DA:162,0
DA:164,0
DA:167,0
DA:171,2
DA:172,0
DA:177,0
DA:181,2
DA:182,0
DA:189,2
DA:190,0
DA:195,2
LF:46
LH:31
BRDA:107,0,0,0
BRDA:107,0,1,2
BRDA:129,1,0,0
BRDA:129,1,1,2
BRDA:136,2,0,2
BRDA:136,2,1,0
BRDA:140,3,0,0
BRDA:140,3,1,2
BRDA:140,4,0,2
BRDA:140,4,1,0
BRDA:144,5,0,2
BRDA:144,5,1,0
BRDA:161,6,0,0
BRDA:161,6,1,0
BRF:14
BRH:6
end_of_record
TN:
SF:server\src\models\User.js
FN:59,(anonymous_0)
FN:69,(anonymous_1)
FN:84,(anonymous_2)
FN:89,(anonymous_3)
FN:97,(anonymous_4)
FN:102,(anonymous_5)
FNF:6
FNH:4
FNDA:12,(anonymous_0)
FNDA:29,(anonymous_1)
FNDA:10,(anonymous_2)
FNDA:12,(anonymous_3)
FNDA:0,(anonymous_4)
FNDA:0,(anonymous_5)
DA:3,3
DA:4,3
DA:6,3
DA:59,3
DA:60,12
DA:61,5
DA:63,7
DA:69,3
DA:70,29
DA:71,10
DA:74,19
DA:75,19
DA:76,19
DA:77,19
DA:79,0
DA:84,3
DA:85,10
DA:89,3
DA:90,12
DA:91,12
DA:92,12
DA:93,12
DA:97,3
DA:98,0
DA:102,3
DA:103,0
DA:106,3
LF:27
LH:24
BRDA:60,0,0,5
BRDA:60,0,1,7
BRDA:60,1,0,12
BRDA:60,1,1,5
BRDA:70,2,0,10
BRDA:70,2,1,19
BRF:6
BRH:6
end_of_record
TN:
SF:server\src\routes\auth.js
FN:42,(anonymous_0)
FN:96,(anonymous_1)
FN:152,(anonymous_2)
FN:179,(anonymous_3)
FN:216,(anonymous_4)
FNF:5
FNH:5
FNDA:6,(anonymous_0)
FNDA:14,(anonymous_1)
FNDA:1,(anonymous_2)
FNDA:2,(anonymous_3)
FNDA:1,(anonymous_4)
DA:3,2
DA:4,2
DA:5,2
DA:6,2
DA:7,2
DA:9,2
DA:12,2
DA:29,2
DA:42,2
DA:43,6
DA:45,6
DA:46,6
DA:47,3
DA:53,3
DA:56,3
DA:60,3
DA:61,2
DA:67,1
DA:74,1
DA:77,1
DA:79,1
DA:81,1
DA:88,0
DA:89,0
DA:96,2
DA:97,14
DA:99,14
DA:100,14
DA:101,2
DA:107,12
DA:110,12
DA:112,12
DA:113,1
DA:117,11
DA:118,1
DA:122,10
DA:124,10
DA:125,1
DA:129,9
DA:130,9
DA:133,9
DA:135,9
DA:137,9
DA:144,0
DA:145,0
DA:152,2
DA:153,1
DA:154,1
DA:158,0
DA:159,0
DA:166,2
DA:180,2
DA:182,2
DA:183,2
DA:184,1
DA:190,1
DA:191,1
DA:194,1
DA:195,1
DA:198,1
DA:200,1
DA:202,1
DA:208,0
DA:209,0
DA:216,2
DA:217,1
DA:218,1
DA:219,1
DA:221,0
DA:222,0
DA:226,2
LF:71
LH:61
BRDA:46,0,0,3
BRDA:46,0,1,3
BRDA:60,1,0,2
BRDA:60,1,1,1
BRDA:100,2,0,2
BRDA:100,2,1,12
BRDA:112,3,0,1
BRDA:112,3,1,11
BRDA:117,4,0,1
BRDA:117,4,1,10
BRDA:124,5,0,1
BRDA:124,5,1,9
BRDA:183,6,0,1
BRDA:183,6,1,1
BRDA:194,7,0,1
BRDA:194,7,1,0
BRF:16
BRH:15
end_of_record
TN:
SF:server\src\routes\posts.js
FN:35,(anonymous_0)
FN:106,(anonymous_1)
FN:179,(anonymous_2)
FN:205,(anonymous_3)
FN:261,(anonymous_4)
FN:289,(anonymous_5)
FN:320,(anonymous_6)
FNF:7
FNH:4
FNDA:1,(anonymous_0)
FNDA:4,(anonymous_1)
FNDA:2,(anonymous_2)
FNDA:1,(anonymous_3)
FNDA:0,(anonymous_4)
FNDA:0,(anonymous_5)
FNDA:0,(anonymous_6)
DA:3,2
DA:4,2
DA:5,2
DA:6,2
DA:7,2
DA:9,2
DA:12,2
DA:35,2
DA:36,1
DA:38,1
DA:39,1
DA:40,0
DA:46,1
DA:49,1
DA:59,1
DA:62,0
DA:63,0
DA:65,0
DA:67,0
DA:73,1
DA:74,1
DA:81,2
DA:107,4
DA:109,4
DA:110,4
DA:111,0
DA:125,4
DA:128,4
DA:130,4
DA:131,4
DA:132,4
DA:135,4
DA:136,0
DA:144,4
DA:147,4
DA:155,4
DA:157,4
DA:159,4
DA:171,0
DA:172,0
DA:179,2
DA:180,2
DA:181,2
DA:185,2
DA:186,2
DA:190,0
DA:192,0
DA:194,0
DA:197,0
DA:198,0
DA:205,2
DA:206,1
DA:208,1
DA:209,1
DA:210,1
DA:216,0
DA:218,0
DA:219,0
DA:223,0
DA:224,0
DA:228,0
DA:230,0
DA:239,0
DA:242,0
DA:243,0
DA:245,0
DA:247,0
DA:253,0
DA:254,0
DA:261,2
DA:262,0
DA:263,0
DA:265,0
DA:266,0
DA:270,0
DA:271,0
DA:274,0
DA:276,0
DA:278,0
DA:281,0
DA:282,0
DA:289,2
DA:290,0
DA:291,0
DA:293,0
DA:294,0
DA:297,0
DA:299,0
DA:301,0
DA:308,0
DA:309,0
DA:316,2
DA:321,0
DA:323,0
DA:324,0
DA:325,0
DA:331,0
DA:333,0
DA:334,0
DA:337,0
DA:340,0
DA:342,0
DA:344,0
DA:350,0
DA:351,0
DA:355,2
LF:106
LH:45
BRDA:39,0,0,0
BRDA:39,0,1,1
BRDA:53,1,0,1
BRDA:53,1,1,1
BRDA:54,2,0,1
BRDA:54,2,1,1
BRDA:110,3,0,0
BRDA:110,3,1,4
BRDA:118,4,0,2
BRDA:119,5,0,2
BRDA:122,6,0,4
BRDA:124,7,0,4
BRDA:130,8,0,1
BRDA:130,8,1,3
BRDA:131,9,0,0
BRDA:131,9,1,4
BRDA:132,10,0,4
BRDA:132,10,1,0
BRDA:135,11,0,0
BRDA:135,11,1,4
BRDA:185,12,0,2
BRDA:185,12,1,0
BRDA:209,13,0,1
BRDA:209,13,1,0
BRDA:218,14,0,0
BRDA:218,14,1,0
BRDA:223,15,0,0
BRDA:223,15,1,0
BRDA:223,16,0,0
BRDA:223,16,1,0
BRDA:234,17,0,0
BRDA:234,17,1,0
BRDA:265,18,0,0
BRDA:265,18,1,0
BRDA:270,19,0,0
BRDA:270,19,1,0
BRDA:270,20,0,0
BRDA:270,20,1,0
BRDA:293,21,0,0
BRDA:293,21,1,0
BRDA:324,22,0,0
BRDA:324,22,1,0
BRDA:333,23,0,0
BRDA:333,23,1,0
BRF:44
BRH:17
end_of_record
TN:
SF:server\src\routes\users.js
FN:32,(anonymous_0)
FN:103,(anonymous_1)
FN:150,(anonymous_2)
FN:202,(anonymous_3)
FN:247,(anonymous_4)
FN:312,(anonymous_5)
FNF:6
FNH:0
FNDA:0,(anonymous_0)
FNDA:0,(anonymous_1)
FNDA:0,(anonymous_2)
FNDA:0,(anonymous_3)
FNDA:0,(anonymous_4)
FNDA:0,(anonymous_5)
DA:3,2
DA:4,2
DA:5,2
DA:6,2
DA:7,2
DA:8,2
DA:10,2
DA:15,2
DA:33,0
DA:35,0
DA:36,0
DA:37,0
DA:50,0
DA:53,0
DA:55,0
DA:56,0
DA:59,0
DA:60,0
DA:69,0
DA:72,0
DA:79,0
DA:81,0
DA:83,0
DA:95,0
DA:96,0
DA:103,2
DA:104,0
DA:105,0
DA:107,0
DA:108,0
DA:112,0
DA:113,0
DA:116,0
DA:118,0
DA:121,0
DA:122,0
DA:129,2
DA:151,0
DA:153,0
DA:154,0
DA:155,0
DA:161,0
DA:163,0
DA:164,0
DA:168,0
DA:169,0
DA:173,0
DA:175,0
DA:176,0
DA:179,0
DA:180,0
DA:181,0
DA:184,0
DA:186,0
DA:188,0
DA:194,0
DA:195,0
DA:202,2
DA:203,0
DA:204,0
DA:206,0
DA:207,0
DA:211,0
DA:212,0
DA:216,0
DA:219,0
DA:221,0
DA:223,0
DA:226,0
DA:227,0
DA:234,2
DA:248,0
DA:250,0
DA:251,0
DA:252,0
DA:258,0
DA:260,0
DA:261,0
DA:269,0
DA:272,0
DA:274,0
DA:277,0
DA:280,0
DA:287,0
DA:289,0
DA:291,0
DA:304,0
DA:305,0
DA:312,2
DA:313,0
DA:314,0
DA:315,0
DA:316,0
DA:317,0
DA:321,0
DA:322,0
DA:323,0
DA:325,0
DA:327,0
DA:342,0
DA:343,0
DA:347,2
LF:102
LH:14
BRDA:36,0,0,0
BRDA:36,0,1,0
BRDA:44,1,0,0
BRDA:45,2,0,0
BRDA:49,3,0,0
BRDA:55,4,0,0
BRDA:55,4,1,0
BRDA:56,5,0,0
BRDA:56,5,1,0
BRDA:59,6,0,0
BRDA:59,6,1,0
BRDA:107,7,0,0
BRDA:107,7,1,0
BRDA:112,8,0,0
BRDA:112,8,1,0
BRDA:112,9,0,0
BRDA:112,9,1,0
BRDA:154,10,0,0
BRDA:154,10,1,0
BRDA:163,11,0,0
BRDA:163,11,1,0
BRDA:168,12,0,0
BRDA:168,12,1,0
BRDA:168,13,0,0
BRDA:168,13,1,0
BRDA:175,14,0,0
BRDA:175,14,1,0
BRDA:179,15,0,0
BRDA:179,15,1,0
BRDA:180,16,0,0
BRDA:180,16,1,0
BRDA:181,17,0,0
BRDA:181,17,1,0
BRDA:206,18,0,0
BRDA:206,18,1,0
BRDA:211,19,0,0
BRDA:211,19,1,0
BRDA:251,20,0,0
BRDA:251,20,1,0
BRDA:260,21,0,0
BRDA:260,21,1,0
BRDA:265,22,0,0
BRDA:266,23,0,0
BRDA:267,24,0,0
BRDA:268,25,0,0
BRDA:274,26,0,0
BRDA:274,26,1,0
BRF:47
BRH:0
end_of_record
TN:
SF:server\src\utils\auth.js
FN:11,(anonymous_0)
FN:27,(anonymous_1)
FN:37,(anonymous_2)
FN:48,(anonymous_3)
FN:76,(anonymous_4)
FN:77,(anonymous_5)
FN:93,(anonymous_6)
FN:96,(anonymous_7)
FN:103,(anonymous_8)
FNF:9
FNH:8
FNDA:18,(anonymous_0)
FNDA:15,(anonymous_1)
FNDA:20,(anonymous_2)
FNDA:16,(anonymous_3)
FNDA:6,(anonymous_4)
FNDA:0,(anonymous_5)
FNDA:4,(anonymous_6)
FNDA:12,(anonymous_7)
FNDA:9,(anonymous_8)
DA:3,3
DA:4,3
DA:5,3
DA:7,3
DA:8,3
DA:11,3
DA:12,18
DA:19,18
DA:27,3
DA:28,15
DA:29,15
DA:31,5
DA:32,5
DA:37,3
DA:38,20
DA:40,20
DA:41,9
DA:44,11
DA:48,3
DA:49,16
DA:50,16
DA:52,16
DA:53,6
DA:56,10
DA:57,9
DA:59,9
DA:60,3
DA:63,6
DA:64,0
DA:67,6
DA:68,6
DA:70,1
DA:71,1
DA:76,3
DA:77,6
DA:78,0
DA:79,0
DA:82,0
DA:83,0
DA:88,0
DA:93,3
DA:94,4
DA:96,4
DA:97,12
DA:98,12
DA:99,12
DA:102,12
DA:103,9
DA:104,7
DA:106,5
DA:109,12
DA:111,12
DA:112,1
DA:117,11
DA:118,11
DA:122,3
LF:56
LH:50
BRDA:7,0,0,3
BRDA:7,0,1,3
BRDA:8,1,0,3
BRDA:8,1,1,3
BRDA:40,2,0,9
BRDA:40,2,1,11
BRDA:40,3,0,20
BRDA:40,3,1,13
BRDA:52,4,0,6
BRDA:52,4,1,10
BRDA:59,5,0,3
BRDA:59,5,1,6
BRDA:63,6,0,0
BRDA:63,6,1,6
BRDA:78,7,0,0
BRDA:78,7,1,0
BRDA:82,8,0,0
BRDA:82,8,1,0
BRDA:93,9,0,0
BRDA:93,10,0,0
BRDA:102,11,0,7
BRDA:102,11,1,5
BRDA:111,12,0,1
BRDA:111,12,1,11
BRF:24
BRH:17
end_of_record
TN:
SF:server\src\utils\logger.js
FN:4,(anonymous_0)
FN:9,(anonymous_1)
FN:15,(anonymous_2)
FN:20,(anonymous_3)
FN:28,(anonymous_4)
FN:34,(anonymous_5)
FNF:6
FNH:3
FNDA:102,(anonymous_0)
FNDA:7,(anonymous_1)
FNDA:4,(anonymous_2)
FNDA:0,(anonymous_3)
FNDA:0,(anonymous_4)
FNDA:0,(anonymous_5)
DA:3,3
DA:5,102
DA:6,102
DA:10,7
DA:11,7
DA:12,7
DA:16,4
DA:17,4
DA:21,0
DA:22,0
DA:23,0
DA:29,0
DA:30,0
DA:35,0
DA:36,0
DA:37,0
DA:38,0
DA:39,0
DA:41,0
DA:45,3
LF:20
LH:9
BRDA:4,0,0,102
BRDA:9,1,0,0
BRDA:9,2,0,7
BRDA:11,3,0,7
BRDA:11,3,1,0
BRDA:15,4,0,4
BRDA:20,5,0,0
BRDA:21,6,0,0
BRDA:21,6,1,0
BRDA:28,7,0,0
BRDA:39,8,0,0
BRDA:39,8,1,0
BRF:12
BRH:4
end_of_record
